
*** Running vivado
    with args -log color_difference.vds -m64 -product Vivado -mode batch -messageDb vivado.pb -notrace -source color_difference.tcl



****** Vivado v2022.2 (64-bit)
  **** SW Build 3671981 on Fri Oct 14 05:00:03 MDT 2022
  **** IP Build 3669848 on Fri Oct 14 08:30:02 MDT 2022
    ** Copyright 1986-2022 Xilinx, Inc. All Rights Reserved.

Sourcing tcl script 'C:/Users/bjsmn1/AppData/Roaming/Xilinx/Vivado/Vivado_init.tcl'
source color_difference.tcl -notrace
create_project: Time (s): cpu = 00:00:33 ; elapsed = 00:00:37 . Memory (MB): peak = 1659.316 ; gain = 774.988
WARNING: [Board 49-151] The current board 'tul.com.tw::pynq-z2:1.0' is from a local repo. The vivado install has a corresponding board with version greater than or equal to the local repo board. Please use boards from vivado install to avoid any upgrade/migrate issues
INFO: [IP_Flow 19-234] Refreshing IP repositories
INFO: [IP_Flow 19-1700] Loaded user IP repository 'c:/Users/bjsmn1/Desktop/Uczelnia/SDwUP/Projekt/vivado-library'.
INFO: [IP_Flow 19-1700] Loaded user IP repository 'c:/Users/bjsmn1/Desktop/Uczelnia/SDwUP/Projekt/sr_projekt_wizyjny-20230619T184819Z-001/sr_projekt_wizyjny/ip'.
INFO: [IP_Flow 19-1700] Loaded user IP repository 'c:/Users/bjsmn1/Desktop/Uczelnia/SDwUP/Projekt/Digilent vivado-library fix_dvi2rgb_rgb2dvi ip'.
INFO: [IP_Flow 19-1700] Loaded user IP repository 'c:/Users/bjsmn1/Desktop/Uczelnia/SDwUP/ip_repo'.
INFO: [IP_Flow 19-2313] Loaded Vivado IP repository 'C:/Xilinx/Vivado/2022.2/data/ip'.
WARNING: [IP_Flow 19-1663] Duplicate IP found for 'digilentinc.com:IP:AXI_DPTI:1.1'. The one found in IP location 'c:/Users/bjsmn1/Desktop/Uczelnia/SDwUP/Projekt/vivado-library/ip/AXI_DPTI_1.0' will take precedence over the same IP in location c:/Users/bjsmn1/Desktop/Uczelnia/SDwUP/Projekt/Digilent vivado-library fix_dvi2rgb_rgb2dvi ip/AXI_DPTI_1.0
WARNING: [IP_Flow 19-1663] Duplicate IP found for 'digilentinc.com:ip:axi_dynclk:1.2'. The one found in IP location 'c:/Users/bjsmn1/Desktop/Uczelnia/SDwUP/Projekt/vivado-library/ip/axi_dynclk' will take precedence over the same IP in location c:/Users/bjsmn1/Desktop/Uczelnia/SDwUP/Projekt/Digilent vivado-library fix_dvi2rgb_rgb2dvi ip/axi_dynclk
WARNING: [IP_Flow 19-1663] Duplicate IP found for 'digilentinc.com:user:axi_i2s_adi:1.2'. The one found in IP location 'c:/Users/bjsmn1/Desktop/Uczelnia/SDwUP/Projekt/vivado-library/ip/axi_i2s_adi_1.2' will take precedence over the same IP in location c:/Users/bjsmn1/Desktop/Uczelnia/SDwUP/Projekt/Digilent vivado-library fix_dvi2rgb_rgb2dvi ip/axi_i2s_adi_1.2
WARNING: [IP_Flow 19-1663] Duplicate IP found for 'digilentinc.com:IP:axi_ps2:1.0'. The one found in IP location 'c:/Users/bjsmn1/Desktop/Uczelnia/SDwUP/Projekt/vivado-library/ip/axi_ps2_1.0' will take precedence over the same IP in location c:/Users/bjsmn1/Desktop/Uczelnia/SDwUP/Projekt/Digilent vivado-library fix_dvi2rgb_rgb2dvi ip/axi_ps2_1.0
WARNING: [IP_Flow 19-1663] Duplicate IP found for 'digilentinc.com:ip:clock_forwarder:1.1'. The one found in IP location 'c:/Users/bjsmn1/Desktop/Uczelnia/SDwUP/Projekt/vivado-library/ip/clock_forwarder' will take precedence over the same IP in location c:/Users/bjsmn1/Desktop/Uczelnia/SDwUP/Projekt/Digilent vivado-library fix_dvi2rgb_rgb2dvi ip/clock_forwarder
WARNING: [IP_Flow 19-1663] Duplicate IP found for 'digilentinc.com:IP:hls_contrast_stretch:1.0'. The one found in IP location 'c:/Users/bjsmn1/Desktop/Uczelnia/SDwUP/Projekt/vivado-library/ip/hls_contrast_stretch_1_0' will take precedence over the same IP in location c:/Users/bjsmn1/Desktop/Uczelnia/SDwUP/Projekt/Digilent vivado-library fix_dvi2rgb_rgb2dvi ip/hls_contrast_stretch_1_0
WARNING: [IP_Flow 19-1663] Duplicate IP found for 'digilentinc.com:IP:hls_gamma_correction:1.0'. The one found in IP location 'c:/Users/bjsmn1/Desktop/Uczelnia/SDwUP/Projekt/vivado-library/ip/hls_gamma_correction_1_0' will take precedence over the same IP in location c:/Users/bjsmn1/Desktop/Uczelnia/SDwUP/Projekt/Digilent vivado-library fix_dvi2rgb_rgb2dvi ip/hls_gamma_correction_1_0
WARNING: [IP_Flow 19-1663] Duplicate IP found for 'digilentinc.com:IP:hls_saturation_enhance:1.0'. The one found in IP location 'c:/Users/bjsmn1/Desktop/Uczelnia/SDwUP/Projekt/vivado-library/ip/hls_saturation_enhance_1_0' will take precedence over the same IP in location c:/Users/bjsmn1/Desktop/Uczelnia/SDwUP/Projekt/Digilent vivado-library fix_dvi2rgb_rgb2dvi ip/hls_saturation_enhance_1_0
WARNING: [IP_Flow 19-1663] Duplicate IP found for 'digilentinc.com:ip:MIPI_CSI_2_RX:1.2'. The one found in IP location 'c:/Users/bjsmn1/Desktop/Uczelnia/SDwUP/Projekt/vivado-library/ip/MIPI_CSI_2_RX' will take precedence over the same IP in location c:/Users/bjsmn1/Desktop/Uczelnia/SDwUP/Projekt/Digilent vivado-library fix_dvi2rgb_rgb2dvi ip/MIPI_CSI_2_RX
WARNING: [IP_Flow 19-1663] Duplicate IP found for 'digilentinc.com:ip:MIPI_D_PHY_RX:1.3'. The one found in IP location 'c:/Users/bjsmn1/Desktop/Uczelnia/SDwUP/Projekt/vivado-library/ip/MIPI_D_PHY_RX' will take precedence over the same IP in location c:/Users/bjsmn1/Desktop/Uczelnia/SDwUP/Projekt/Digilent vivado-library fix_dvi2rgb_rgb2dvi ip/MIPI_D_PHY_RX
WARNING: [IP_Flow 19-1663] Duplicate IP found for 'digilentinc.com:IP:MotorFeedback:1.0'. The one found in IP location 'c:/Users/bjsmn1/Desktop/Uczelnia/SDwUP/Projekt/vivado-library/ip/MotorFeedback_1.0' will take precedence over the same IP in location c:/Users/bjsmn1/Desktop/Uczelnia/SDwUP/Projekt/Digilent vivado-library fix_dvi2rgb_rgb2dvi ip/MotorFeedback_1.0
WARNING: [IP_Flow 19-1663] Duplicate IP found for 'digilentinc.com:IP:PWM:1.0'. The one found in IP location 'c:/Users/bjsmn1/Desktop/Uczelnia/SDwUP/Projekt/vivado-library/ip/PWM_1.0' will take precedence over the same IP in location c:/Users/bjsmn1/Desktop/Uczelnia/SDwUP/Projekt/Digilent vivado-library fix_dvi2rgb_rgb2dvi ip/PWM_1.0
WARNING: [IP_Flow 19-1663] Duplicate IP found for 'digilentinc.com:IP:PWM:2.0'. The one found in IP location 'c:/Users/bjsmn1/Desktop/Uczelnia/SDwUP/Projekt/vivado-library/ip/PWM_2.0' will take precedence over the same IP in location c:/Users/bjsmn1/Desktop/Uczelnia/SDwUP/Projekt/Digilent vivado-library fix_dvi2rgb_rgb2dvi ip/PWM_2.0
WARNING: [IP_Flow 19-1663] Duplicate IP found for 'digilentinc.com:IP:PWM_Analyzer:1.0'. The one found in IP location 'c:/Users/bjsmn1/Desktop/Uczelnia/SDwUP/Projekt/vivado-library/ip/PWM_Analyzer_1.0' will take precedence over the same IP in location c:/Users/bjsmn1/Desktop/Uczelnia/SDwUP/Projekt/Digilent vivado-library fix_dvi2rgb_rgb2dvi ip/PWM_Analyzer_1.0
WARNING: [IP_Flow 19-1663] Duplicate IP found for 'digilentinc.com:ip:rgb2dpvid:1.0'. The one found in IP location 'c:/Users/bjsmn1/Desktop/Uczelnia/SDwUP/Projekt/vivado-library/ip/rgb2dpvid_v1_0' will take precedence over the same IP in location c:/Users/bjsmn1/Desktop/Uczelnia/SDwUP/Projekt/Digilent vivado-library fix_dvi2rgb_rgb2dvi ip/rgb2dpvid_v1_0
WARNING: [IP_Flow 19-1663] Duplicate IP found for 'digilentinc.com:ip:rgb2vga:1.0'. The one found in IP location 'c:/Users/bjsmn1/Desktop/Uczelnia/SDwUP/Projekt/vivado-library/ip/rgb2vga_v1_0' will take precedence over the same IP in location c:/Users/bjsmn1/Desktop/Uczelnia/SDwUP/Projekt/Digilent vivado-library fix_dvi2rgb_rgb2dvi ip/rgb2vga_v1_0
WARNING: [IP_Flow 19-1663] Duplicate IP found for 'digilentinc.com:ip:Sync:1.0'. The one found in IP location 'c:/Users/bjsmn1/Desktop/Uczelnia/SDwUP/Projekt/vivado-library/ip/Sync_v1_0' will take precedence over the same IP in location c:/Users/bjsmn1/Desktop/Uczelnia/SDwUP/Projekt/Digilent vivado-library fix_dvi2rgb_rgb2dvi ip/Sync_v1_0
WARNING: [IP_Flow 19-1663] Duplicate IP found for 'digilentinc.com:ip:usb2device:1.0'. The one found in IP location 'c:/Users/bjsmn1/Desktop/Uczelnia/SDwUP/Projekt/vivado-library/ip/usb2device_v1_0' will take precedence over the same IP in location c:/Users/bjsmn1/Desktop/Uczelnia/SDwUP/Projekt/Digilent vivado-library fix_dvi2rgb_rgb2dvi ip/usb2device_v1_0
WARNING: [IP_Flow 19-1663] Duplicate IP found for 'digilentinc.com:video:video_scaler:1.0'. The one found in IP location 'c:/Users/bjsmn1/Desktop/Uczelnia/SDwUP/Projekt/vivado-library/ip/video_scaler' will take precedence over the same IP in location c:/Users/bjsmn1/Desktop/Uczelnia/SDwUP/Projekt/Digilent vivado-library fix_dvi2rgb_rgb2dvi ip/video_scaler
WARNING: [IP_Flow 19-1663] Duplicate IP found for 'digilentinc.com:ip:dvi2rgb:2.0'. The one found in IP location 'c:/Users/bjsmn1/Desktop/Uczelnia/SDwUP/Projekt/Digilent vivado-library fix_dvi2rgb_rgb2dvi ip/dvi2rgb' will take precedence over the same IP in location c:/Users/bjsmn1/Desktop/Uczelnia/SDwUP/Projekt/vivado-library/ip/dvi2rgb
WARNING: [IP_Flow 19-1663] Duplicate IP found for 'digilentinc.com:ip:rgb2dvi:1.4'. The one found in IP location 'c:/Users/bjsmn1/Desktop/Uczelnia/SDwUP/Projekt/Digilent vivado-library fix_dvi2rgb_rgb2dvi ip/rgb2dvi' will take precedence over the same IP in location c:/Users/bjsmn1/Desktop/Uczelnia/SDwUP/Projekt/vivado-library/ip/rgb2dvi
INFO: [IP_Flow 19-6924] IPCACHE: Running cache check for IP inst: color_difference
Command: synth_design -top color_difference -part xc7z020clg400-1 -incremental_mode off -mode out_of_context
Starting synth_design
Attempting to get a license for feature 'Synthesis' and/or device 'xc7z020'
INFO: [Common 17-349] Got license for feature 'Synthesis' and/or device 'xc7z020'
INFO: [Device 21-403] Loading part xc7z020clg400-1
INFO: [Synth 8-7079] Multithreading enabled for synth_design using a maximum of 2 processes.
INFO: [Synth 8-7078] Launching helper process for spawning children vivado processes
INFO: [Synth 8-7075] Helper process launched with PID 110716
INFO: [Synth 8-11241] undeclared symbol 'REGCCE', assumed default net type 'wire' [C:/Xilinx/Vivado/2022.2/data/verilog/src/unimacro/BRAM_SINGLE_MACRO.v:2170]
---------------------------------------------------------------------------------
Starting RTL Elaboration : Time (s): cpu = 00:00:12 ; elapsed = 00:00:13 . Memory (MB): peak = 2478.719 ; gain = 389.738
---------------------------------------------------------------------------------
INFO: [Synth 8-638] synthesizing module 'color_difference' [c:/Users/bjsmn1/Desktop/Uczelnia/SDwUP/Projekt/tor_wizyjny/tor_wizyjny.gen/sources_1/ip/color_difference/synth/color_difference.vhd:68]
	Parameter C_VERBOSITY bound to: 0 - type: integer 
	Parameter C_XDEVICEFAMILY bound to: zynq - type: string 
	Parameter C_IMPLEMENTATION bound to: 1 - type: integer 
	Parameter C_A_WIDTH bound to: 10 - type: integer 
	Parameter C_B_WIDTH bound to: 10 - type: integer 
	Parameter C_OUT_WIDTH bound to: 10 - type: integer 
	Parameter C_CE_OVERRIDES_SCLR bound to: 0 - type: integer 
	Parameter C_A_TYPE bound to: 0 - type: integer 
	Parameter C_B_TYPE bound to: 0 - type: integer 
	Parameter C_LATENCY bound to: 2 - type: integer 
	Parameter C_ADD_MODE bound to: 1 - type: integer 
	Parameter C_B_CONSTANT bound to: 0 - type: integer 
	Parameter C_B_VALUE bound to: 0000000000 - type: string 
	Parameter C_AINIT_VAL bound to: 0 - type: string 
	Parameter C_SINIT_VAL bound to: 0 - type: string 
	Parameter C_CE_OVERRIDES_BYPASS bound to: 1 - type: integer 
	Parameter C_BYPASS_LOW bound to: 0 - type: integer 
	Parameter C_SCLR_OVERRIDES_SSET bound to: 1 - type: integer 
	Parameter C_HAS_C_IN bound to: 0 - type: integer 
	Parameter C_HAS_C_OUT bound to: 0 - type: integer 
	Parameter C_BORROW_LOW bound to: 1 - type: integer 
	Parameter C_HAS_CE bound to: 0 - type: integer 
	Parameter C_HAS_BYPASS bound to: 0 - type: integer 
	Parameter C_HAS_SCLR bound to: 0 - type: integer 
	Parameter C_HAS_SSET bound to: 0 - type: integer 
	Parameter C_HAS_SINIT bound to: 0 - type: integer 
INFO: [Synth 8-3491] module 'c_addsub_v12_0_14' declared at 'c:/Users/bjsmn1/Desktop/Uczelnia/SDwUP/Projekt/tor_wizyjny/tor_wizyjny.gen/sources_1/ip/color_difference/hdl/c_addsub_v12_0_vh_rfs.vhd:7026' bound to instance 'U0' of component 'c_addsub_v12_0_14' [c:/Users/bjsmn1/Desktop/Uczelnia/SDwUP/Projekt/tor_wizyjny/tor_wizyjny.gen/sources_1/ip/color_difference/synth/color_difference.vhd:133]
INFO: [Synth 8-256] done synthesizing module 'color_difference' (0#1) [c:/Users/bjsmn1/Desktop/Uczelnia/SDwUP/Projekt/tor_wizyjny/tor_wizyjny.gen/sources_1/ip/color_difference/synth/color_difference.vhd:68]
WARNING: [Synth 8-7129] Port SCLR in module xbip_pipe_v3_0_6_viv is either unconnected or has no load
WARNING: [Synth 8-7129] Port SINIT in module xbip_pipe_v3_0_6_viv is either unconnected or has no load
WARNING: [Synth 8-7129] Port CEA1 in module xbip_dsp48e1_wrapper_v3_0 is either unconnected or has no load
WARNING: [Synth 8-7129] Port CEA2 in module xbip_dsp48e1_wrapper_v3_0 is either unconnected or has no load
WARNING: [Synth 8-7129] Port CEB1 in module xbip_dsp48e1_wrapper_v3_0 is either unconnected or has no load
WARNING: [Synth 8-7129] Port CEB2 in module xbip_dsp48e1_wrapper_v3_0 is either unconnected or has no load
WARNING: [Synth 8-7129] Port CEAD in module xbip_dsp48e1_wrapper_v3_0 is either unconnected or has no load
WARNING: [Synth 8-7129] Port CED in module xbip_dsp48e1_wrapper_v3_0 is either unconnected or has no load
WARNING: [Synth 8-7129] Port CEC in module xbip_dsp48e1_wrapper_v3_0 is either unconnected or has no load
WARNING: [Synth 8-7129] Port CECARRYIN in module xbip_dsp48e1_wrapper_v3_0 is either unconnected or has no load
WARNING: [Synth 8-7129] Port CECTRL in module xbip_dsp48e1_wrapper_v3_0 is either unconnected or has no load
WARNING: [Synth 8-7129] Port CEALUMODE in module xbip_dsp48e1_wrapper_v3_0 is either unconnected or has no load
WARNING: [Synth 8-7129] Port CEINMODE in module xbip_dsp48e1_wrapper_v3_0 is either unconnected or has no load
WARNING: [Synth 8-7129] Port CEM in module xbip_dsp48e1_wrapper_v3_0 is either unconnected or has no load
WARNING: [Synth 8-7129] Port CEP in module xbip_dsp48e1_wrapper_v3_0 is either unconnected or has no load
WARNING: [Synth 8-7129] Port SCLRA in module xbip_dsp48e1_wrapper_v3_0 is either unconnected or has no load
WARNING: [Synth 8-7129] Port SCLRB in module xbip_dsp48e1_wrapper_v3_0 is either unconnected or has no load
WARNING: [Synth 8-7129] Port SCLRC in module xbip_dsp48e1_wrapper_v3_0 is either unconnected or has no load
WARNING: [Synth 8-7129] Port SCLRD in module xbip_dsp48e1_wrapper_v3_0 is either unconnected or has no load
WARNING: [Synth 8-7129] Port SCLRALLCARRYIN in module xbip_dsp48e1_wrapper_v3_0 is either unconnected or has no load
WARNING: [Synth 8-7129] Port SCLRCTRL in module xbip_dsp48e1_wrapper_v3_0 is either unconnected or has no load
WARNING: [Synth 8-7129] Port SCLRALUMODE in module xbip_dsp48e1_wrapper_v3_0 is either unconnected or has no load
WARNING: [Synth 8-7129] Port SCLRINMODE in module xbip_dsp48e1_wrapper_v3_0 is either unconnected or has no load
WARNING: [Synth 8-7129] Port SCLRM in module xbip_dsp48e1_wrapper_v3_0 is either unconnected or has no load
WARNING: [Synth 8-7129] Port SCLRP in module xbip_dsp48e1_wrapper_v3_0 is either unconnected or has no load
WARNING: [Synth 8-7129] Port C_IN in module c_addsub_v12_0_14_viv is either unconnected or has no load
WARNING: [Synth 8-7129] Port CE in module c_addsub_v12_0_14_viv is either unconnected or has no load
WARNING: [Synth 8-7129] Port BYPASS in module c_addsub_v12_0_14_viv is either unconnected or has no load
WARNING: [Synth 8-7129] Port SCLR in module c_addsub_v12_0_14_viv is either unconnected or has no load
WARNING: [Synth 8-7129] Port SSET in module c_addsub_v12_0_14_viv is either unconnected or has no load
WARNING: [Synth 8-7129] Port SINIT in module c_addsub_v12_0_14_viv is either unconnected or has no load
---------------------------------------------------------------------------------
Finished RTL Elaboration : Time (s): cpu = 00:00:19 ; elapsed = 00:00:20 . Memory (MB): peak = 2645.242 ; gain = 556.262
---------------------------------------------------------------------------------
---------------------------------------------------------------------------------
Start Handling Custom Attributes
---------------------------------------------------------------------------------
---------------------------------------------------------------------------------
Finished Handling Custom Attributes : Time (s): cpu = 00:00:19 ; elapsed = 00:00:20 . Memory (MB): peak = 2663.152 ; gain = 574.172
---------------------------------------------------------------------------------
---------------------------------------------------------------------------------
Finished RTL Optimization Phase 1 : Time (s): cpu = 00:00:19 ; elapsed = 00:00:20 . Memory (MB): peak = 2663.152 ; gain = 574.172
---------------------------------------------------------------------------------
Netlist sorting complete. Time (s): cpu = 00:00:00 ; elapsed = 00:00:00.012 . Memory (MB): peak = 2675.207 ; gain = 0.000
INFO: [Netlist 29-17] Analyzing 1 Unisim elements for replacement
INFO: [Netlist 29-28] Unisim Transformation completed in 0 CPU seconds
INFO: [Project 1-570] Preparing netlist for logic optimization

Processing XDC Constraints
Initializing timing engine
Parsing XDC File [c:/Users/bjsmn1/Desktop/Uczelnia/SDwUP/Projekt/tor_wizyjny/tor_wizyjny.gen/sources_1/ip/color_difference/color_difference_ooc.xdc] for cell 'U0'
Finished Parsing XDC File [c:/Users/bjsmn1/Desktop/Uczelnia/SDwUP/Projekt/tor_wizyjny/tor_wizyjny.gen/sources_1/ip/color_difference/color_difference_ooc.xdc] for cell 'U0'
Parsing XDC File [C:/Users/bjsmn1/Desktop/Uczelnia/SDwUP/Projekt/tor_wizyjny/tor_wizyjny.runs/color_difference_synth_1/dont_touch.xdc]
Finished Parsing XDC File [C:/Users/bjsmn1/Desktop/Uczelnia/SDwUP/Projekt/tor_wizyjny/tor_wizyjny.runs/color_difference_synth_1/dont_touch.xdc]
Completed Processing XDC Constraints

Netlist sorting complete. Time (s): cpu = 00:00:00 ; elapsed = 00:00:00 . Memory (MB): peak = 2697.109 ; gain = 0.000
INFO: [Project 1-111] Unisim Transformation Summary:
No Unisim elements were transformed.

Constraint Validation Runtime : Time (s): cpu = 00:00:00 ; elapsed = 00:00:00.024 . Memory (MB): peak = 2697.109 ; gain = 0.000
INFO: [Designutils 20-5008] Incremental synthesis strategy off
INFO: [Synth 8-11241] undeclared symbol 'REGCCE', assumed default net type 'wire' [C:/Xilinx/Vivado/2022.2/data/verilog/src/unimacro/BRAM_SINGLE_MACRO.v:2170]
---------------------------------------------------------------------------------
Finished Constraint Validation : Time (s): cpu = 00:00:32 ; elapsed = 00:00:33 . Memory (MB): peak = 2697.109 ; gain = 608.129
---------------------------------------------------------------------------------
---------------------------------------------------------------------------------
Start Loading Part and Timing Information
---------------------------------------------------------------------------------
Loading part: xc7z020clg400-1
---------------------------------------------------------------------------------
Finished Loading Part and Timing Information : Time (s): cpu = 00:00:32 ; elapsed = 00:00:33 . Memory (MB): peak = 2697.109 ; gain = 608.129
---------------------------------------------------------------------------------
---------------------------------------------------------------------------------
Start Applying 'set_property' XDC Constraints
---------------------------------------------------------------------------------
Applied set_property KEEP_HIERARCHY = SOFT for U0. (constraint file  C:/Users/bjsmn1/Desktop/Uczelnia/SDwUP/Projekt/tor_wizyjny/tor_wizyjny.runs/color_difference_synth_1/dont_touch.xdc, line 9).
---------------------------------------------------------------------------------
Finished applying 'set_property' XDC Constraints : Time (s): cpu = 00:00:32 ; elapsed = 00:00:33 . Memory (MB): peak = 2697.109 ; gain = 608.129
---------------------------------------------------------------------------------
---------------------------------------------------------------------------------
Finished RTL Optimization Phase 2 : Time (s): cpu = 00:00:32 ; elapsed = 00:00:34 . Memory (MB): peak = 2697.109 ; gain = 608.129
---------------------------------------------------------------------------------
---------------------------------------------------------------------------------
Start RTL Component Statistics 
---------------------------------------------------------------------------------
---------------------------------------------------------------------------------
Finished RTL Component Statistics 
---------------------------------------------------------------------------------
---------------------------------------------------------------------------------
Start Part Resource Summary
---------------------------------------------------------------------------------
Part Resources:
DSPs: 220 (col length:60)
BRAMs: 280 (col length: RAMB18 60 RAMB36 30)
---------------------------------------------------------------------------------
Finished Part Resource Summary
---------------------------------------------------------------------------------
---------------------------------------------------------------------------------
Start Cross Boundary and Area Optimization
---------------------------------------------------------------------------------
WARNING: [Synth 8-7080] Parallel synthesis criteria is not met
WARNING: [Synth 8-7129] Port C_IN in module c_addsub_v12_0_14_viv is either unconnected or has no load
WARNING: [Synth 8-7129] Port CE in module c_addsub_v12_0_14_viv is either unconnected or has no load
WARNING: [Synth 8-7129] Port BYPASS in module c_addsub_v12_0_14_viv is either unconnected or has no load
WARNING: [Synth 8-7129] Port SCLR in module c_addsub_v12_0_14_viv is either unconnected or has no load
WARNING: [Synth 8-7129] Port SSET in module c_addsub_v12_0_14_viv is either unconnected or has no load
WARNING: [Synth 8-7129] Port SINIT in module c_addsub_v12_0_14_viv is either unconnected or has no load
---------------------------------------------------------------------------------
Finished Cross Boundary and Area Optimization : Time (s): cpu = 00:00:35 ; elapsed = 00:00:37 . Memory (MB): peak = 2697.109 ; gain = 608.129
---------------------------------------------------------------------------------
---------------------------------------------------------------------------------
Start Applying XDC Timing Constraints
---------------------------------------------------------------------------------
---------------------------------------------------------------------------------
Finished Applying XDC Timing Constraints : Time (s): cpu = 00:00:50 ; elapsed = 00:00:52 . Memory (MB): peak = 2697.109 ; gain = 608.129
---------------------------------------------------------------------------------
---------------------------------------------------------------------------------
Start Timing Optimization
---------------------------------------------------------------------------------
---------------------------------------------------------------------------------
Finished Timing Optimization : Time (s): cpu = 00:00:50 ; elapsed = 00:00:52 . Memory (MB): peak = 2697.109 ; gain = 608.129
---------------------------------------------------------------------------------
---------------------------------------------------------------------------------
Start Technology Mapping
---------------------------------------------------------------------------------
---------------------------------------------------------------------------------
Finished Technology Mapping : Time (s): cpu = 00:00:50 ; elapsed = 00:00:52 . Memory (MB): peak = 2697.109 ; gain = 608.129
---------------------------------------------------------------------------------
---------------------------------------------------------------------------------
Start IO Insertion
---------------------------------------------------------------------------------
---------------------------------------------------------------------------------
Start Flattening Before IO Insertion
---------------------------------------------------------------------------------
---------------------------------------------------------------------------------
Finished Flattening Before IO Insertion
---------------------------------------------------------------------------------
---------------------------------------------------------------------------------
Start Final Netlist Cleanup
---------------------------------------------------------------------------------
---------------------------------------------------------------------------------
Finished Final Netlist Cleanup
---------------------------------------------------------------------------------
---------------------------------------------------------------------------------
Finished IO Insertion : Time (s): cpu = 00:00:56 ; elapsed = 00:00:58 . Memory (MB): peak = 2697.109 ; gain = 608.129
---------------------------------------------------------------------------------
---------------------------------------------------------------------------------
Start Renaming Generated Instances
---------------------------------------------------------------------------------
---------------------------------------------------------------------------------
Finished Renaming Generated Instances : Time (s): cpu = 00:00:56 ; elapsed = 00:00:58 . Memory (MB): peak = 2697.109 ; gain = 608.129
---------------------------------------------------------------------------------
---------------------------------------------------------------------------------
Start Rebuilding User Hierarchy
---------------------------------------------------------------------------------
---------------------------------------------------------------------------------
Finished Rebuilding User Hierarchy : Time (s): cpu = 00:00:56 ; elapsed = 00:00:58 . Memory (MB): peak = 2697.109 ; gain = 608.129
---------------------------------------------------------------------------------
---------------------------------------------------------------------------------
Start Renaming Generated Ports
---------------------------------------------------------------------------------
---------------------------------------------------------------------------------
Finished Renaming Generated Ports : Time (s): cpu = 00:00:56 ; elapsed = 00:00:58 . Memory (MB): peak = 2697.109 ; gain = 608.129
---------------------------------------------------------------------------------
---------------------------------------------------------------------------------
Start Handling Custom Attributes
---------------------------------------------------------------------------------
---------------------------------------------------------------------------------
Finished Handling Custom Attributes : Time (s): cpu = 00:00:56 ; elapsed = 00:00:58 . Memory (MB): peak = 2697.109 ; gain = 608.129
---------------------------------------------------------------------------------
---------------------------------------------------------------------------------
Start Renaming Generated Nets
---------------------------------------------------------------------------------
---------------------------------------------------------------------------------
Finished Renaming Generated Nets : Time (s): cpu = 00:00:56 ; elapsed = 00:00:58 . Memory (MB): peak = 2697.109 ; gain = 608.129
---------------------------------------------------------------------------------
---------------------------------------------------------------------------------
Start Writing Synthesis Report
---------------------------------------------------------------------------------

DSP Final Report (the ' indicates corresponding REG is set)
+--------------------------+------------------+--------+--------+--------+--------+--------+------+------+------+------+-------+------+------+
|Module Name               | DSP Mapping      | A Size | B Size | C Size | D Size | P Size | AREG | BREG | CREG | DREG | ADREG | MREG | PREG | 
+--------------------------+------------------+--------+--------+--------+--------+--------+------+------+------+------+-------+------+------+
|xbip_dsp48e1_wrapper_v3_0 | (not(C'+A':B'))' | 30     | 18     | 48     | -      | 48     | 1    | 1    | 1    | -    | -     | 0    | 1    | 
+--------------------------+------------------+--------+--------+--------+--------+--------+------+------+------+------+-------+------+------+


Report BlackBoxes: 
+-+--------------+----------+
| |BlackBox name |Instances |
+-+--------------+----------+
+-+--------------+----------+

Report Cell Usage: 
+------+--------+------+
|      |Cell    |Count |
+------+--------+------+
|1     |DSP48E1 |     1|
|2     |FDRE    |     1|
+------+--------+------+
---------------------------------------------------------------------------------
Finished Writing Synthesis Report : Time (s): cpu = 00:00:56 ; elapsed = 00:00:58 . Memory (MB): peak = 2697.109 ; gain = 608.129
---------------------------------------------------------------------------------
Synthesis finished with 0 errors, 0 critical warnings and 7 warnings.
Synthesis Optimization Runtime : Time (s): cpu = 00:00:33 ; elapsed = 00:00:55 . Memory (MB): peak = 2697.109 ; gain = 574.172
Synthesis Optimization Complete : Time (s): cpu = 00:00:56 ; elapsed = 00:00:58 . Memory (MB): peak = 2697.109 ; gain = 608.129
INFO: [Project 1-571] Translating synthesized netlist
Netlist sorting complete. Time (s): cpu = 00:00:00 ; elapsed = 00:00:00.002 . Memory (MB): peak = 2697.109 ; gain = 0.000
INFO: [Netlist 29-17] Analyzing 1 Unisim elements for replacement
INFO: [Netlist 29-28] Unisim Transformation completed in 0 CPU seconds
INFO: [Project 1-570] Preparing netlist for logic optimization
INFO: [Opt 31-138] Pushed 0 inverter(s) to 0 load pin(s).
Netlist sorting complete. Time (s): cpu = 00:00:00 ; elapsed = 00:00:00 . Memory (MB): peak = 2697.109 ; gain = 0.000
INFO: [Project 1-111] Unisim Transformation Summary:
No Unisim elements were transformed.

Synth Design complete, checksum: d0f63669
INFO: [Common 17-83] Releasing license: Synthesis
29 Infos, 60 Warnings, 0 Critical Warnings and 0 Errors encountered.
synth_design completed successfully
synth_design: Time (s): cpu = 00:01:03 ; elapsed = 00:01:07 . Memory (MB): peak = 2697.109 ; gain = 990.859
INFO: [Common 17-600] The following parameters have non-default value.
tcl.collectionResultDisplayLimit
INFO: [Common 17-1381] The checkpoint 'C:/Users/bjsmn1/Desktop/Uczelnia/SDwUP/Projekt/tor_wizyjny/tor_wizyjny.runs/color_difference_synth_1/color_difference.dcp' has been generated.
INFO: [Coretcl 2-1648] Added synthesis output to IP cache for IP color_difference, cache-ID = 9846823c002c9da1
INFO: [Coretcl 2-1174] Renamed 7 cell refs.
INFO: [Common 17-1381] The checkpoint 'C:/Users/bjsmn1/Desktop/Uczelnia/SDwUP/Projekt/tor_wizyjny/tor_wizyjny.runs/color_difference_synth_1/color_difference.dcp' has been generated.
INFO: [runtcl-4] Executing : report_utilization -file color_difference_utilization_synth.rpt -pb color_difference_utilization_synth.pb
INFO: [Common 17-206] Exiting Vivado at Tue Jun 20 15:42:04 2023...
