INFO: [VRFC 10-2263] Analyzing Verilog file "C:/Users/bjsmn1/Desktop/Uczelnia/SDwUP/Projekt/tor_wizyjny/tor_wizyjny.sim/sim_1/synth/func/xsim/tb_rgb2ycbcr_func_synth.v" into library xil_defaultlib
INFO: [VRFC 10-311] analyzing module dbg_hub_CV
INFO: [VRFC 10-311] analyzing module design_1
INFO: [VRFC 10-311] analyzing module design_1_clk_wiz_0_0
INFO: [VRFC 10-311] analyzing module design_1_clk_wiz_0_0_clk_wiz
INFO: [VRFC 10-311] analyzing module design_1_hdmi_in_0_2
INFO: [VRFC 10-311] analyzing module design_1_hdmi_in_0_2_hdmi_in
INFO: [VRFC 10-311] analyzing module design_1_ila_0_0
INFO: [VRFC 10-311] analyzing module design_1_ila_1_0
INFO: [VRFC 10-311] analyzing module design_1_processing_system7_0_1
INFO: [VRFC 10-311] analyzing module design_1_processing_system7_0_1_processing_system7_v5_5_processing_system7
INFO: [VRFC 10-311] analyzing module design_1_util_vector_logic_0_1
INFO: [VRFC 10-311] analyzing module design_1_vp_design_0_0
INFO: [VRFC 10-311] analyzing module design_1_vp_design_0_0_adder
INFO: [VRFC 10-311] analyzing module design_1_vp_design_0_0_adder__1
INFO: [VRFC 10-311] analyzing module design_1_vp_design_0_0_adder__10
INFO: [VRFC 10-311] analyzing module design_1_vp_design_0_0_adder__2
INFO: [VRFC 10-311] analyzing module design_1_vp_design_0_0_adder__3
INFO: [VRFC 10-311] analyzing module design_1_vp_design_0_0_adder__4
INFO: [VRFC 10-311] analyzing module design_1_vp_design_0_0_adder__5
INFO: [VRFC 10-311] analyzing module design_1_vp_design_0_0_adder__6
INFO: [VRFC 10-311] analyzing module design_1_vp_design_0_0_adder__7
INFO: [VRFC 10-311] analyzing module design_1_vp_design_0_0_adder__8
INFO: [VRFC 10-311] analyzing module design_1_vp_design_0_0_adder__9
INFO: [VRFC 10-311] analyzing module design_1_vp_design_0_0_centroid
INFO: [VRFC 10-311] analyzing module design_1_vp_design_0_0_divider
INFO: [VRFC 10-311] analyzing module design_1_vp_design_0_0_divider_32_20
INFO: [VRFC 10-311] analyzing module design_1_vp_design_0_0_divider_32_20__xdcDup__1
INFO: [VRFC 10-311] analyzing module design_1_vp_design_0_0_divider__xdcDup__1
INFO: [VRFC 10-311] analyzing module design_1_vp_design_0_0_mult_32_20_lm
INFO: [VRFC 10-311] analyzing module design_1_vp_design_0_0_mult_32_20_lm__2
INFO: [VRFC 10-311] analyzing module design_1_vp_design_0_0_multiply
INFO: [VRFC 10-311] analyzing module design_1_vp_design_0_0_multiply__1
INFO: [VRFC 10-311] analyzing module design_1_vp_design_0_0_multiply__2
INFO: [VRFC 10-311] analyzing module design_1_vp_design_0_0_multiply__3
INFO: [VRFC 10-311] analyzing module design_1_vp_design_0_0_multiply__4
INFO: [VRFC 10-311] analyzing module design_1_vp_design_0_0_multiply__5
INFO: [VRFC 10-311] analyzing module design_1_vp_design_0_0_multiply__6
INFO: [VRFC 10-311] analyzing module design_1_vp_design_0_0_multiply__7
INFO: [VRFC 10-311] analyzing module design_1_vp_design_0_0_multiply__8
INFO: [VRFC 10-311] analyzing module design_1_vp_design_0_0_new_register__parameterized0
INFO: [VRFC 10-311] analyzing module design_1_vp_design_0_0_new_register__parameterized0_2
INFO: [VRFC 10-311] analyzing module design_1_vp_design_0_0_new_register__parameterized0_3
INFO: [VRFC 10-311] analyzing module design_1_vp_design_0_0_new_register__parameterized0_4
INFO: [VRFC 10-311] analyzing module design_1_vp_design_0_0_new_register__parameterized0_5
INFO: [VRFC 10-311] analyzing module design_1_vp_design_0_0_new_register__parameterized0_6
INFO: [VRFC 10-311] analyzing module design_1_vp_design_0_0_rgb2ycbcr
INFO: [VRFC 10-311] analyzing module design_1_vp_design_0_0_vis_centroid
INFO: [VRFC 10-311] analyzing module design_1_vp_design_0_0_vp
INFO: [VRFC 10-311] analyzing module design_1_vp_design_0_0_vp_design
INFO: [VRFC 10-311] analyzing module design_1_vp_design_0_0_vp_design_vp_0_0
INFO: [VRFC 10-311] analyzing module design_1_vp_design_0_0_xil_internal_svlib_delay_line__parameterized0
INFO: [VRFC 10-311] analyzing module design_1_vp_design_0_0_xil_internal_svlib_delay_line__parameterized0_0
INFO: [VRFC 10-311] analyzing module design_1_vp_design_0_0_xil_internal_svlib_delay_line__parameterized0_1
INFO: [VRFC 10-311] analyzing module design_1_wrapper
INFO: [VRFC 10-311] analyzing module design_1_xlslice_0_0
INFO: [VRFC 10-311] analyzing module design_1_ila_0_0_ila_v6_2_12_ila
INFO: [VRFC 10-311] analyzing module design_1_ila_0_0_ila_v6_2_12_ila_cap_addrgen
INFO: [VRFC 10-311] analyzing module design_1_ila_0_0_ila_v6_2_12_ila_cap_ctrl_legacy
INFO: [VRFC 10-311] analyzing module design_1_ila_0_0_ila_v6_2_12_ila_cap_sample_counter
INFO: [VRFC 10-311] analyzing module design_1_ila_0_0_ila_v6_2_12_ila_cap_window_counter
INFO: [VRFC 10-311] analyzing module design_1_ila_0_0_ila_v6_2_12_ila_core
INFO: [VRFC 10-311] analyzing module design_1_ila_0_0_ila_v6_2_12_ila_register
INFO: [VRFC 10-311] analyzing module design_1_ila_0_0_ila_v6_2_12_ila_reset_ctrl
INFO: [VRFC 10-311] analyzing module design_1_ila_0_0_ila_v6_2_12_ila_trace_memory
INFO: [VRFC 10-311] analyzing module design_1_ila_0_0_ila_v6_2_12_ila_trig_match
INFO: [VRFC 10-311] analyzing module design_1_ila_0_0_ila_v6_2_12_ila_trigger
INFO: [VRFC 10-311] analyzing module design_1_ila_1_0_ila_v6_2_12_ila
INFO: [VRFC 10-311] analyzing module design_1_ila_1_0_ila_v6_2_12_ila_cap_addrgen
INFO: [VRFC 10-311] analyzing module design_1_ila_1_0_ila_v6_2_12_ila_cap_ctrl_legacy
INFO: [VRFC 10-311] analyzing module design_1_ila_1_0_ila_v6_2_12_ila_cap_sample_counter
INFO: [VRFC 10-311] analyzing module design_1_ila_1_0_ila_v6_2_12_ila_cap_window_counter
INFO: [VRFC 10-311] analyzing module design_1_ila_1_0_ila_v6_2_12_ila_core
INFO: [VRFC 10-311] analyzing module design_1_ila_1_0_ila_v6_2_12_ila_register
INFO: [VRFC 10-311] analyzing module design_1_ila_1_0_ila_v6_2_12_ila_reset_ctrl
INFO: [VRFC 10-311] analyzing module design_1_ila_1_0_ila_v6_2_12_ila_trace_memory
INFO: [VRFC 10-311] analyzing module design_1_ila_1_0_ila_v6_2_12_ila_trig_match
INFO: [VRFC 10-311] analyzing module design_1_ila_1_0_ila_v6_2_12_ila_trigger
INFO: [VRFC 10-311] analyzing module design_1_ila_0_0_ltlib_v1_0_0_all_typeA
INFO: [VRFC 10-311] analyzing module design_1_ila_0_0_ltlib_v1_0_0_all_typeA_7
INFO: [VRFC 10-311] analyzing module design_1_ila_0_0_ltlib_v1_0_0_all_typeA__parameterized0
INFO: [VRFC 10-311] analyzing module design_1_ila_0_0_ltlib_v1_0_0_all_typeA__parameterized0_3
INFO: [VRFC 10-311] analyzing module design_1_ila_0_0_ltlib_v1_0_0_all_typeA__parameterized1
INFO: [VRFC 10-311] analyzing module design_1_ila_0_0_ltlib_v1_0_0_all_typeA__parameterized1_27
INFO: [VRFC 10-311] analyzing module design_1_ila_0_0_ltlib_v1_0_0_all_typeA__parameterized1_31
INFO: [VRFC 10-311] analyzing module design_1_ila_0_0_ltlib_v1_0_0_all_typeA_slice
INFO: [VRFC 10-311] analyzing module design_1_ila_0_0_ltlib_v1_0_0_all_typeA_slice_1
INFO: [VRFC 10-311] analyzing module design_1_ila_0_0_ltlib_v1_0_0_all_typeA_slice_6
INFO: [VRFC 10-311] analyzing module design_1_ila_0_0_ltlib_v1_0_0_all_typeA_slice_8
INFO: [VRFC 10-311] analyzing module design_1_ila_0_0_ltlib_v1_0_0_all_typeA_slice__parameterized0
INFO: [VRFC 10-311] analyzing module design_1_ila_0_0_ltlib_v1_0_0_all_typeA_slice__parameterized0_0
INFO: [VRFC 10-311] analyzing module design_1_ila_0_0_ltlib_v1_0_0_all_typeA_slice__parameterized0_4
INFO: [VRFC 10-311] analyzing module design_1_ila_0_0_ltlib_v1_0_0_all_typeA_slice__parameterized0_5
INFO: [VRFC 10-311] analyzing module design_1_ila_0_0_ltlib_v1_0_0_all_typeA_slice__parameterized1
INFO: [VRFC 10-311] analyzing module design_1_ila_0_0_ltlib_v1_0_0_all_typeA_slice__parameterized1_28
INFO: [VRFC 10-311] analyzing module design_1_ila_0_0_ltlib_v1_0_0_all_typeA_slice__parameterized1_32
INFO: [VRFC 10-311] analyzing module design_1_ila_0_0_ltlib_v1_0_0_all_typeA_slice__parameterized2
INFO: [VRFC 10-311] analyzing module design_1_ila_0_0_ltlib_v1_0_0_all_typeA_slice__parameterized2_29
INFO: [VRFC 10-311] analyzing module design_1_ila_0_0_ltlib_v1_0_0_all_typeA_slice__parameterized2_33
INFO: [VRFC 10-311] analyzing module design_1_ila_0_0_ltlib_v1_0_0_allx_typeA
INFO: [VRFC 10-311] analyzing module design_1_ila_0_0_ltlib_v1_0_0_allx_typeA__parameterized0
INFO: [VRFC 10-311] analyzing module design_1_ila_0_0_ltlib_v1_0_0_allx_typeA__parameterized0_2
INFO: [VRFC 10-311] analyzing module design_1_ila_0_0_ltlib_v1_0_0_allx_typeA__parameterized1
INFO: [VRFC 10-311] analyzing module design_1_ila_0_0_ltlib_v1_0_0_allx_typeA_nodelay
INFO: [VRFC 10-311] analyzing module design_1_ila_0_0_ltlib_v1_0_0_allx_typeA_nodelay_26
INFO: [VRFC 10-311] analyzing module design_1_ila_0_0_ltlib_v1_0_0_allx_typeA_nodelay_30
INFO: [VRFC 10-311] analyzing module design_1_ila_0_0_ltlib_v1_0_0_async_edge_xfer
INFO: [VRFC 10-311] analyzing module design_1_ila_0_0_ltlib_v1_0_0_async_edge_xfer__1
INFO: [VRFC 10-311] analyzing module design_1_ila_0_0_ltlib_v1_0_0_async_edge_xfer__2
INFO: [VRFC 10-311] analyzing module design_1_ila_0_0_ltlib_v1_0_0_async_edge_xfer__3
INFO: [VRFC 10-311] analyzing module design_1_ila_0_0_ltlib_v1_0_0_cfglut4
INFO: [VRFC 10-311] analyzing module design_1_ila_0_0_ltlib_v1_0_0_cfglut4__1
INFO: [VRFC 10-311] analyzing module design_1_ila_0_0_ltlib_v1_0_0_cfglut5
INFO: [VRFC 10-311] analyzing module design_1_ila_0_0_ltlib_v1_0_0_cfglut5__1
INFO: [VRFC 10-311] analyzing module design_1_ila_0_0_ltlib_v1_0_0_cfglut5__2
INFO: [VRFC 10-311] analyzing module design_1_ila_0_0_ltlib_v1_0_0_cfglut6
INFO: [VRFC 10-311] analyzing module design_1_ila_0_0_ltlib_v1_0_0_cfglut6__1
INFO: [VRFC 10-311] analyzing module design_1_ila_0_0_ltlib_v1_0_0_cfglut6__parameterized0
INFO: [VRFC 10-311] analyzing module design_1_ila_0_0_ltlib_v1_0_0_cfglut7
INFO: [VRFC 10-311] analyzing module design_1_ila_0_0_ltlib_v1_0_0_cfglut7__1
INFO: [VRFC 10-311] analyzing module design_1_ila_0_0_ltlib_v1_0_0_generic_memrd
INFO: [VRFC 10-311] analyzing module design_1_ila_0_0_ltlib_v1_0_0_match
INFO: [VRFC 10-311] analyzing module design_1_ila_0_0_ltlib_v1_0_0_match__parameterized0
INFO: [VRFC 10-311] analyzing module design_1_ila_0_0_ltlib_v1_0_0_match__parameterized0__1
INFO: [VRFC 10-311] analyzing module design_1_ila_0_0_ltlib_v1_0_0_match__parameterized1
INFO: [VRFC 10-311] analyzing module design_1_ila_0_0_ltlib_v1_0_0_match_nodelay
INFO: [VRFC 10-311] analyzing module design_1_ila_0_0_ltlib_v1_0_0_match_nodelay__1
INFO: [VRFC 10-311] analyzing module design_1_ila_0_0_ltlib_v1_0_0_match_nodelay__2
INFO: [VRFC 10-311] analyzing module design_1_ila_0_0_ltlib_v1_0_0_rising_edge_detection
INFO: [VRFC 10-311] analyzing module design_1_ila_0_0_ltlib_v1_0_0_rising_edge_detection__1
INFO: [VRFC 10-311] analyzing module design_1_ila_0_0_xsdbs_v1_0_2_reg__parameterized15
INFO: [VRFC 10-311] analyzing module design_1_ila_0_0_xsdbs_v1_0_2_reg__parameterized16
INFO: [VRFC 10-311] analyzing module design_1_ila_0_0_xsdbs_v1_0_2_reg__parameterized17
INFO: [VRFC 10-311] analyzing module design_1_ila_0_0_xsdbs_v1_0_2_reg__parameterized18
INFO: [VRFC 10-311] analyzing module design_1_ila_0_0_xsdbs_v1_0_2_reg__parameterized30
INFO: [VRFC 10-311] analyzing module design_1_ila_0_0_xsdbs_v1_0_2_reg__parameterized31
INFO: [VRFC 10-311] analyzing module design_1_ila_0_0_xsdbs_v1_0_2_reg__parameterized32
INFO: [VRFC 10-311] analyzing module design_1_ila_0_0_xsdbs_v1_0_2_reg__parameterized33
INFO: [VRFC 10-311] analyzing module design_1_ila_0_0_xsdbs_v1_0_2_reg__parameterized34
INFO: [VRFC 10-311] analyzing module design_1_ila_0_0_xsdbs_v1_0_2_reg__parameterized35
INFO: [VRFC 10-311] analyzing module design_1_ila_0_0_xsdbs_v1_0_2_reg__parameterized36
INFO: [VRFC 10-311] analyzing module design_1_ila_0_0_xsdbs_v1_0_2_reg__parameterized37
INFO: [VRFC 10-311] analyzing module design_1_ila_0_0_xsdbs_v1_0_2_reg__parameterized38
INFO: [VRFC 10-311] analyzing module design_1_ila_0_0_xsdbs_v1_0_2_reg__parameterized39
INFO: [VRFC 10-311] analyzing module design_1_ila_0_0_xsdbs_v1_0_2_reg__parameterized40
INFO: [VRFC 10-311] analyzing module design_1_ila_0_0_xsdbs_v1_0_2_reg__parameterized41
INFO: [VRFC 10-311] analyzing module design_1_ila_0_0_xsdbs_v1_0_2_reg__parameterized43
INFO: [VRFC 10-311] analyzing module design_1_ila_0_0_xsdbs_v1_0_2_reg__parameterized45
INFO: [VRFC 10-311] analyzing module design_1_ila_0_0_xsdbs_v1_0_2_reg__parameterized48
INFO: [VRFC 10-311] analyzing module design_1_ila_0_0_xsdbs_v1_0_2_reg_ctl
INFO: [VRFC 10-311] analyzing module design_1_ila_0_0_xsdbs_v1_0_2_reg_ctl_12
INFO: [VRFC 10-311] analyzing module design_1_ila_0_0_xsdbs_v1_0_2_reg_ctl_13
INFO: [VRFC 10-311] analyzing module design_1_ila_0_0_xsdbs_v1_0_2_reg_ctl_14
INFO: [VRFC 10-311] analyzing module design_1_ila_0_0_xsdbs_v1_0_2_reg_ctl_15
INFO: [VRFC 10-311] analyzing module design_1_ila_0_0_xsdbs_v1_0_2_reg_ctl_18
INFO: [VRFC 10-311] analyzing module design_1_ila_0_0_xsdbs_v1_0_2_reg_ctl_19
INFO: [VRFC 10-311] analyzing module design_1_ila_0_0_xsdbs_v1_0_2_reg_ctl_20
INFO: [VRFC 10-311] analyzing module design_1_ila_0_0_xsdbs_v1_0_2_reg_ctl_21
INFO: [VRFC 10-311] analyzing module design_1_ila_0_0_xsdbs_v1_0_2_reg_ctl_22
INFO: [VRFC 10-311] analyzing module design_1_ila_0_0_xsdbs_v1_0_2_reg_ctl_25
INFO: [VRFC 10-311] analyzing module design_1_ila_0_0_xsdbs_v1_0_2_reg_ctl__parameterized0
INFO: [VRFC 10-311] analyzing module design_1_ila_0_0_xsdbs_v1_0_2_reg_ctl__parameterized1
INFO: [VRFC 10-311] analyzing module design_1_ila_0_0_xsdbs_v1_0_2_reg_ctl__parameterized1_16
INFO: [VRFC 10-311] analyzing module design_1_ila_0_0_xsdbs_v1_0_2_reg_ctl__parameterized1_17
INFO: [VRFC 10-311] analyzing module design_1_ila_0_0_xsdbs_v1_0_2_reg_p2s
INFO: [VRFC 10-311] analyzing module design_1_ila_0_0_xsdbs_v1_0_2_reg_p2s__parameterized0
INFO: [VRFC 10-311] analyzing module design_1_ila_0_0_xsdbs_v1_0_2_reg_p2s__parameterized1
INFO: [VRFC 10-311] analyzing module design_1_ila_0_0_xsdbs_v1_0_2_reg_p2s__parameterized2
INFO: [VRFC 10-311] analyzing module design_1_ila_0_0_xsdbs_v1_0_2_reg_p2s__parameterized3
INFO: [VRFC 10-311] analyzing module design_1_ila_0_0_xsdbs_v1_0_2_reg_stat
INFO: [VRFC 10-311] analyzing module design_1_ila_0_0_xsdbs_v1_0_2_reg_stat_10
INFO: [VRFC 10-311] analyzing module design_1_ila_0_0_xsdbs_v1_0_2_reg_stat_11
INFO: [VRFC 10-311] analyzing module design_1_ila_0_0_xsdbs_v1_0_2_reg_stat_23
INFO: [VRFC 10-311] analyzing module design_1_ila_0_0_xsdbs_v1_0_2_reg_stat_24
INFO: [VRFC 10-311] analyzing module design_1_ila_0_0_xsdbs_v1_0_2_reg_stat_9
INFO: [VRFC 10-311] analyzing module design_1_ila_0_0_xsdbs_v1_0_2_reg_stream
INFO: [VRFC 10-311] analyzing module design_1_ila_0_0_xsdbs_v1_0_2_reg_stream__parameterized0
INFO: [VRFC 10-311] analyzing module design_1_ila_0_0_xsdbs_v1_0_2_xsdbs
INFO: [VRFC 10-311] analyzing module design_1_ila_1_0_ltlib_v1_0_0_all_typeA
INFO: [VRFC 10-311] analyzing module design_1_ila_1_0_ltlib_v1_0_0_all_typeA_1
INFO: [VRFC 10-311] analyzing module design_1_ila_1_0_ltlib_v1_0_0_all_typeA_10
INFO: [VRFC 10-311] analyzing module design_1_ila_1_0_ltlib_v1_0_0_all_typeA_13
INFO: [VRFC 10-311] analyzing module design_1_ila_1_0_ltlib_v1_0_0_all_typeA_16
INFO: [VRFC 10-311] analyzing module design_1_ila_1_0_ltlib_v1_0_0_all_typeA_19
INFO: [VRFC 10-311] analyzing module design_1_ila_1_0_ltlib_v1_0_0_all_typeA_21
INFO: [VRFC 10-311] analyzing module design_1_ila_1_0_ltlib_v1_0_0_all_typeA_4
INFO: [VRFC 10-311] analyzing module design_1_ila_1_0_ltlib_v1_0_0_all_typeA_7
INFO: [VRFC 10-311] analyzing module design_1_ila_1_0_ltlib_v1_0_0_all_typeA__parameterized0
INFO: [VRFC 10-311] analyzing module design_1_ila_1_0_ltlib_v1_0_0_all_typeA__parameterized0_41
INFO: [VRFC 10-311] analyzing module design_1_ila_1_0_ltlib_v1_0_0_all_typeA__parameterized0_45
INFO: [VRFC 10-311] analyzing module design_1_ila_1_0_ltlib_v1_0_0_all_typeA_slice
INFO: [VRFC 10-311] analyzing module design_1_ila_1_0_ltlib_v1_0_0_all_typeA_slice_11
INFO: [VRFC 10-311] analyzing module design_1_ila_1_0_ltlib_v1_0_0_all_typeA_slice_14
INFO: [VRFC 10-311] analyzing module design_1_ila_1_0_ltlib_v1_0_0_all_typeA_slice_17
INFO: [VRFC 10-311] analyzing module design_1_ila_1_0_ltlib_v1_0_0_all_typeA_slice_2
INFO: [VRFC 10-311] analyzing module design_1_ila_1_0_ltlib_v1_0_0_all_typeA_slice_20
INFO: [VRFC 10-311] analyzing module design_1_ila_1_0_ltlib_v1_0_0_all_typeA_slice_22
INFO: [VRFC 10-311] analyzing module design_1_ila_1_0_ltlib_v1_0_0_all_typeA_slice_5
INFO: [VRFC 10-311] analyzing module design_1_ila_1_0_ltlib_v1_0_0_all_typeA_slice_8
INFO: [VRFC 10-311] analyzing module design_1_ila_1_0_ltlib_v1_0_0_all_typeA_slice__parameterized0
INFO: [VRFC 10-311] analyzing module design_1_ila_1_0_ltlib_v1_0_0_all_typeA_slice__parameterized0_42
INFO: [VRFC 10-311] analyzing module design_1_ila_1_0_ltlib_v1_0_0_all_typeA_slice__parameterized0_46
INFO: [VRFC 10-311] analyzing module design_1_ila_1_0_ltlib_v1_0_0_all_typeA_slice__parameterized1
INFO: [VRFC 10-311] analyzing module design_1_ila_1_0_ltlib_v1_0_0_all_typeA_slice__parameterized1_43
INFO: [VRFC 10-311] analyzing module design_1_ila_1_0_ltlib_v1_0_0_all_typeA_slice__parameterized1_47
INFO: [VRFC 10-311] analyzing module design_1_ila_1_0_ltlib_v1_0_0_allx_typeA
INFO: [VRFC 10-311] analyzing module design_1_ila_1_0_ltlib_v1_0_0_allx_typeA__parameterized0
INFO: [VRFC 10-311] analyzing module design_1_ila_1_0_ltlib_v1_0_0_allx_typeA__parameterized0_0
INFO: [VRFC 10-311] analyzing module design_1_ila_1_0_ltlib_v1_0_0_allx_typeA__parameterized0_12
INFO: [VRFC 10-311] analyzing module design_1_ila_1_0_ltlib_v1_0_0_allx_typeA__parameterized0_15
INFO: [VRFC 10-311] analyzing module design_1_ila_1_0_ltlib_v1_0_0_allx_typeA__parameterized0_18
INFO: [VRFC 10-311] analyzing module design_1_ila_1_0_ltlib_v1_0_0_allx_typeA__parameterized0_3
INFO: [VRFC 10-311] analyzing module design_1_ila_1_0_ltlib_v1_0_0_allx_typeA__parameterized0_6
INFO: [VRFC 10-311] analyzing module design_1_ila_1_0_ltlib_v1_0_0_allx_typeA__parameterized0_9
INFO: [VRFC 10-311] analyzing module design_1_ila_1_0_ltlib_v1_0_0_allx_typeA_nodelay
INFO: [VRFC 10-311] analyzing module design_1_ila_1_0_ltlib_v1_0_0_allx_typeA_nodelay_40
INFO: [VRFC 10-311] analyzing module design_1_ila_1_0_ltlib_v1_0_0_allx_typeA_nodelay_44
INFO: [VRFC 10-311] analyzing module design_1_ila_1_0_ltlib_v1_0_0_async_edge_xfer
INFO: [VRFC 10-311] analyzing module design_1_ila_1_0_ltlib_v1_0_0_async_edge_xfer__1
INFO: [VRFC 10-311] analyzing module design_1_ila_1_0_ltlib_v1_0_0_async_edge_xfer__2
INFO: [VRFC 10-311] analyzing module design_1_ila_1_0_ltlib_v1_0_0_async_edge_xfer__3
INFO: [VRFC 10-311] analyzing module design_1_ila_1_0_ltlib_v1_0_0_cfglut4
INFO: [VRFC 10-311] analyzing module design_1_ila_1_0_ltlib_v1_0_0_cfglut4__1
INFO: [VRFC 10-311] analyzing module design_1_ila_1_0_ltlib_v1_0_0_cfglut5
INFO: [VRFC 10-311] analyzing module design_1_ila_1_0_ltlib_v1_0_0_cfglut5__1
INFO: [VRFC 10-311] analyzing module design_1_ila_1_0_ltlib_v1_0_0_cfglut5__2
INFO: [VRFC 10-311] analyzing module design_1_ila_1_0_ltlib_v1_0_0_cfglut6
INFO: [VRFC 10-311] analyzing module design_1_ila_1_0_ltlib_v1_0_0_cfglut6__1
INFO: [VRFC 10-311] analyzing module design_1_ila_1_0_ltlib_v1_0_0_cfglut6__parameterized0
INFO: [VRFC 10-311] analyzing module design_1_ila_1_0_ltlib_v1_0_0_cfglut7
INFO: [VRFC 10-311] analyzing module design_1_ila_1_0_ltlib_v1_0_0_cfglut7__1
INFO: [VRFC 10-311] analyzing module design_1_ila_1_0_ltlib_v1_0_0_generic_memrd
INFO: [VRFC 10-311] analyzing module design_1_ila_1_0_ltlib_v1_0_0_match
INFO: [VRFC 10-311] analyzing module design_1_ila_1_0_ltlib_v1_0_0_match__parameterized0
INFO: [VRFC 10-311] analyzing module design_1_ila_1_0_ltlib_v1_0_0_match__parameterized0__1
INFO: [VRFC 10-311] analyzing module design_1_ila_1_0_ltlib_v1_0_0_match__parameterized0__2
INFO: [VRFC 10-311] analyzing module design_1_ila_1_0_ltlib_v1_0_0_match__parameterized0__3
INFO: [VRFC 10-311] analyzing module design_1_ila_1_0_ltlib_v1_0_0_match__parameterized0__4
INFO: [VRFC 10-311] analyzing module design_1_ila_1_0_ltlib_v1_0_0_match__parameterized0__5
INFO: [VRFC 10-311] analyzing module design_1_ila_1_0_ltlib_v1_0_0_match__parameterized0__6
INFO: [VRFC 10-311] analyzing module design_1_ila_1_0_ltlib_v1_0_0_match__parameterized0__7
INFO: [VRFC 10-311] analyzing module design_1_ila_1_0_ltlib_v1_0_0_match_nodelay
INFO: [VRFC 10-311] analyzing module design_1_ila_1_0_ltlib_v1_0_0_match_nodelay__1
INFO: [VRFC 10-311] analyzing module design_1_ila_1_0_ltlib_v1_0_0_match_nodelay__2
INFO: [VRFC 10-311] analyzing module design_1_ila_1_0_ltlib_v1_0_0_rising_edge_detection
INFO: [VRFC 10-311] analyzing module design_1_ila_1_0_ltlib_v1_0_0_rising_edge_detection__1
INFO: [VRFC 10-311] analyzing module design_1_ila_1_0_xsdbs_v1_0_2_reg__parameterized25
INFO: [VRFC 10-311] analyzing module design_1_ila_1_0_xsdbs_v1_0_2_reg__parameterized26
INFO: [VRFC 10-311] analyzing module design_1_ila_1_0_xsdbs_v1_0_2_reg__parameterized27
INFO: [VRFC 10-311] analyzing module design_1_ila_1_0_xsdbs_v1_0_2_reg__parameterized28
INFO: [VRFC 10-311] analyzing module design_1_ila_1_0_xsdbs_v1_0_2_reg__parameterized40
INFO: [VRFC 10-311] analyzing module design_1_ila_1_0_xsdbs_v1_0_2_reg__parameterized41
INFO: [VRFC 10-311] analyzing module design_1_ila_1_0_xsdbs_v1_0_2_reg__parameterized42
INFO: [VRFC 10-311] analyzing module design_1_ila_1_0_xsdbs_v1_0_2_reg__parameterized43
INFO: [VRFC 10-311] analyzing module design_1_ila_1_0_xsdbs_v1_0_2_reg__parameterized44
INFO: [VRFC 10-311] analyzing module design_1_ila_1_0_xsdbs_v1_0_2_reg__parameterized45
INFO: [VRFC 10-311] analyzing module design_1_ila_1_0_xsdbs_v1_0_2_reg__parameterized46
INFO: [VRFC 10-311] analyzing module design_1_ila_1_0_xsdbs_v1_0_2_reg__parameterized47
INFO: [VRFC 10-311] analyzing module design_1_ila_1_0_xsdbs_v1_0_2_reg__parameterized48
INFO: [VRFC 10-311] analyzing module design_1_ila_1_0_xsdbs_v1_0_2_reg__parameterized49
INFO: [VRFC 10-311] analyzing module design_1_ila_1_0_xsdbs_v1_0_2_reg__parameterized50
INFO: [VRFC 10-311] analyzing module design_1_ila_1_0_xsdbs_v1_0_2_reg__parameterized51
INFO: [VRFC 10-311] analyzing module design_1_ila_1_0_xsdbs_v1_0_2_reg__parameterized53
INFO: [VRFC 10-311] analyzing module design_1_ila_1_0_xsdbs_v1_0_2_reg__parameterized55
INFO: [VRFC 10-311] analyzing module design_1_ila_1_0_xsdbs_v1_0_2_reg__parameterized58
INFO: [VRFC 10-311] analyzing module design_1_ila_1_0_xsdbs_v1_0_2_reg_ctl
INFO: [VRFC 10-311] analyzing module design_1_ila_1_0_xsdbs_v1_0_2_reg_ctl_26
INFO: [VRFC 10-311] analyzing module design_1_ila_1_0_xsdbs_v1_0_2_reg_ctl_27
INFO: [VRFC 10-311] analyzing module design_1_ila_1_0_xsdbs_v1_0_2_reg_ctl_28
INFO: [VRFC 10-311] analyzing module design_1_ila_1_0_xsdbs_v1_0_2_reg_ctl_29
INFO: [VRFC 10-311] analyzing module design_1_ila_1_0_xsdbs_v1_0_2_reg_ctl_32
INFO: [VRFC 10-311] analyzing module design_1_ila_1_0_xsdbs_v1_0_2_reg_ctl_33
INFO: [VRFC 10-311] analyzing module design_1_ila_1_0_xsdbs_v1_0_2_reg_ctl_34
INFO: [VRFC 10-311] analyzing module design_1_ila_1_0_xsdbs_v1_0_2_reg_ctl_35
INFO: [VRFC 10-311] analyzing module design_1_ila_1_0_xsdbs_v1_0_2_reg_ctl_36
INFO: [VRFC 10-311] analyzing module design_1_ila_1_0_xsdbs_v1_0_2_reg_ctl_39
INFO: [VRFC 10-311] analyzing module design_1_ila_1_0_xsdbs_v1_0_2_reg_ctl__parameterized0
INFO: [VRFC 10-311] analyzing module design_1_ila_1_0_xsdbs_v1_0_2_reg_ctl__parameterized1
INFO: [VRFC 10-311] analyzing module design_1_ila_1_0_xsdbs_v1_0_2_reg_ctl__parameterized1_30
INFO: [VRFC 10-311] analyzing module design_1_ila_1_0_xsdbs_v1_0_2_reg_ctl__parameterized1_31
INFO: [VRFC 10-311] analyzing module design_1_ila_1_0_xsdbs_v1_0_2_reg_p2s
INFO: [VRFC 10-311] analyzing module design_1_ila_1_0_xsdbs_v1_0_2_reg_p2s__parameterized0
INFO: [VRFC 10-311] analyzing module design_1_ila_1_0_xsdbs_v1_0_2_reg_p2s__parameterized1
INFO: [VRFC 10-311] analyzing module design_1_ila_1_0_xsdbs_v1_0_2_reg_p2s__parameterized2
INFO: [VRFC 10-311] analyzing module design_1_ila_1_0_xsdbs_v1_0_2_reg_p2s__parameterized3
INFO: [VRFC 10-311] analyzing module design_1_ila_1_0_xsdbs_v1_0_2_reg_p2s__parameterized4
INFO: [VRFC 10-311] analyzing module design_1_ila_1_0_xsdbs_v1_0_2_reg_p2s__parameterized5
INFO: [VRFC 10-311] analyzing module design_1_ila_1_0_xsdbs_v1_0_2_reg_p2s__parameterized6
INFO: [VRFC 10-311] analyzing module design_1_ila_1_0_xsdbs_v1_0_2_reg_p2s__parameterized7
INFO: [VRFC 10-311] analyzing module design_1_ila_1_0_xsdbs_v1_0_2_reg_p2s__parameterized8
INFO: [VRFC 10-311] analyzing module design_1_ila_1_0_xsdbs_v1_0_2_reg_stat
INFO: [VRFC 10-311] analyzing module design_1_ila_1_0_xsdbs_v1_0_2_reg_stat_23
INFO: [VRFC 10-311] analyzing module design_1_ila_1_0_xsdbs_v1_0_2_reg_stat_24
INFO: [VRFC 10-311] analyzing module design_1_ila_1_0_xsdbs_v1_0_2_reg_stat_25
INFO: [VRFC 10-311] analyzing module design_1_ila_1_0_xsdbs_v1_0_2_reg_stat_37
INFO: [VRFC 10-311] analyzing module design_1_ila_1_0_xsdbs_v1_0_2_reg_stat_38
INFO: [VRFC 10-311] analyzing module design_1_ila_1_0_xsdbs_v1_0_2_reg_stream
INFO: [VRFC 10-311] analyzing module design_1_ila_1_0_xsdbs_v1_0_2_reg_stream__parameterized0
INFO: [VRFC 10-311] analyzing module design_1_ila_1_0_xsdbs_v1_0_2_xsdbs
INFO: [VRFC 10-311] analyzing module design_1_vp_design_0_0_c_addsub_v12_0_14
INFO: [VRFC 10-311] analyzing module design_1_vp_design_0_0_c_addsub_v12_0_14__1
INFO: [VRFC 10-311] analyzing module design_1_vp_design_0_0_c_addsub_v12_0_14__10
INFO: [VRFC 10-311] analyzing module design_1_vp_design_0_0_c_addsub_v12_0_14__2
INFO: [VRFC 10-311] analyzing module design_1_vp_design_0_0_c_addsub_v12_0_14__3
INFO: [VRFC 10-311] analyzing module design_1_vp_design_0_0_c_addsub_v12_0_14__4
INFO: [VRFC 10-311] analyzing module design_1_vp_design_0_0_c_addsub_v12_0_14__5
INFO: [VRFC 10-311] analyzing module design_1_vp_design_0_0_c_addsub_v12_0_14__6
INFO: [VRFC 10-311] analyzing module design_1_vp_design_0_0_c_addsub_v12_0_14__7
INFO: [VRFC 10-311] analyzing module design_1_vp_design_0_0_c_addsub_v12_0_14__8
INFO: [VRFC 10-311] analyzing module design_1_vp_design_0_0_c_addsub_v12_0_14__9
INFO: [VRFC 10-311] analyzing module design_1_vp_design_0_0_c_addsub_v12_0_14_viv
INFO: [VRFC 10-311] analyzing module design_1_vp_design_0_0_c_addsub_v12_0_14_viv__1
INFO: [VRFC 10-311] analyzing module design_1_vp_design_0_0_c_addsub_v12_0_14_viv__10
INFO: [VRFC 10-311] analyzing module design_1_vp_design_0_0_c_addsub_v12_0_14_viv__2
INFO: [VRFC 10-311] analyzing module design_1_vp_design_0_0_c_addsub_v12_0_14_viv__3
INFO: [VRFC 10-311] analyzing module design_1_vp_design_0_0_c_addsub_v12_0_14_viv__4
INFO: [VRFC 10-311] analyzing module design_1_vp_design_0_0_c_addsub_v12_0_14_viv__5
INFO: [VRFC 10-311] analyzing module design_1_vp_design_0_0_c_addsub_v12_0_14_viv__6
INFO: [VRFC 10-311] analyzing module design_1_vp_design_0_0_c_addsub_v12_0_14_viv__7
INFO: [VRFC 10-311] analyzing module design_1_vp_design_0_0_c_addsub_v12_0_14_viv__8
INFO: [VRFC 10-311] analyzing module design_1_vp_design_0_0_c_addsub_v12_0_14_viv__9
INFO: [VRFC 10-311] analyzing module design_1_vp_design_0_0_dsp
INFO: [VRFC 10-311] analyzing module design_1_vp_design_0_0_dsp_47
INFO: [VRFC 10-311] analyzing module design_1_vp_design_0_0_dsp_48
INFO: [VRFC 10-311] analyzing module design_1_vp_design_0_0_dsp_49
INFO: [VRFC 10-311] analyzing module design_1_vp_design_0_0_dsp_50
INFO: [VRFC 10-311] analyzing module design_1_vp_design_0_0_dsp_51
INFO: [VRFC 10-311] analyzing module design_1_vp_design_0_0_dsp_52
INFO: [VRFC 10-311] analyzing module design_1_vp_design_0_0_dsp_53
INFO: [VRFC 10-311] analyzing module design_1_vp_design_0_0_dsp_54
INFO: [VRFC 10-311] analyzing module design_1_vp_design_0_0_dsp__parameterized0
INFO: [VRFC 10-311] analyzing module design_1_vp_design_0_0_dsp__parameterized0_55
INFO: [VRFC 10-311] analyzing module design_1_vp_design_0_0_mult_gen_v12_0_18
INFO: [VRFC 10-311] analyzing module design_1_vp_design_0_0_mult_gen_v12_0_18__1
INFO: [VRFC 10-311] analyzing module design_1_vp_design_0_0_mult_gen_v12_0_18__2
INFO: [VRFC 10-311] analyzing module design_1_vp_design_0_0_mult_gen_v12_0_18__3
INFO: [VRFC 10-311] analyzing module design_1_vp_design_0_0_mult_gen_v12_0_18__4
INFO: [VRFC 10-311] analyzing module design_1_vp_design_0_0_mult_gen_v12_0_18__5
INFO: [VRFC 10-311] analyzing module design_1_vp_design_0_0_mult_gen_v12_0_18__6
INFO: [VRFC 10-311] analyzing module design_1_vp_design_0_0_mult_gen_v12_0_18__7
INFO: [VRFC 10-311] analyzing module design_1_vp_design_0_0_mult_gen_v12_0_18__8
INFO: [VRFC 10-311] analyzing module design_1_vp_design_0_0_mult_gen_v12_0_18__parameterized1
INFO: [VRFC 10-311] analyzing module design_1_vp_design_0_0_mult_gen_v12_0_18__parameterized1__2
INFO: [VRFC 10-311] analyzing module design_1_vp_design_0_0_mult_gen_v12_0_18_delay_line__parameterized4
INFO: [VRFC 10-311] analyzing module design_1_vp_design_0_0_mult_gen_v12_0_18_delay_line__parameterized4_56
INFO: [VRFC 10-311] analyzing module design_1_vp_design_0_0_mult_gen_v12_0_18_viv
INFO: [VRFC 10-311] analyzing module design_1_vp_design_0_0_mult_gen_v12_0_18_viv__1
INFO: [VRFC 10-311] analyzing module design_1_vp_design_0_0_mult_gen_v12_0_18_viv__2
INFO: [VRFC 10-311] analyzing module design_1_vp_design_0_0_mult_gen_v12_0_18_viv__3
INFO: [VRFC 10-311] analyzing module design_1_vp_design_0_0_mult_gen_v12_0_18_viv__4
INFO: [VRFC 10-311] analyzing module design_1_vp_design_0_0_mult_gen_v12_0_18_viv__5
INFO: [VRFC 10-311] analyzing module design_1_vp_design_0_0_mult_gen_v12_0_18_viv__6
INFO: [VRFC 10-311] analyzing module design_1_vp_design_0_0_mult_gen_v12_0_18_viv__7
INFO: [VRFC 10-311] analyzing module design_1_vp_design_0_0_mult_gen_v12_0_18_viv__8
INFO: [VRFC 10-311] analyzing module design_1_vp_design_0_0_mult_gen_v12_0_18_viv__parameterized1
INFO: [VRFC 10-311] analyzing module design_1_vp_design_0_0_mult_gen_v12_0_18_viv__parameterized1__2
INFO: [VRFC 10-311] analyzing module design_1_vp_design_0_0_xbip_addsub_v3_0_6_viv
INFO: [VRFC 10-311] analyzing module design_1_vp_design_0_0_xbip_addsub_v3_0_6_viv_13
INFO: [VRFC 10-311] analyzing module design_1_vp_design_0_0_xbip_addsub_v3_0_6_viv_18
INFO: [VRFC 10-311] analyzing module design_1_vp_design_0_0_xbip_addsub_v3_0_6_viv_23
INFO: [VRFC 10-311] analyzing module design_1_vp_design_0_0_xbip_addsub_v3_0_6_viv_28
INFO: [VRFC 10-311] analyzing module design_1_vp_design_0_0_xbip_addsub_v3_0_6_viv_33
INFO: [VRFC 10-311] analyzing module design_1_vp_design_0_0_xbip_addsub_v3_0_6_viv_38
INFO: [VRFC 10-311] analyzing module design_1_vp_design_0_0_xbip_addsub_v3_0_6_viv_43
INFO: [VRFC 10-311] analyzing module design_1_vp_design_0_0_xbip_addsub_v3_0_6_viv_8
INFO: [VRFC 10-311] analyzing module design_1_vp_design_0_0_xbip_dsp48_addsub_synth
INFO: [VRFC 10-311] analyzing module design_1_vp_design_0_0_xbip_dsp48_addsub_synth_10
INFO: [VRFC 10-311] analyzing module design_1_vp_design_0_0_xbip_dsp48_addsub_synth_15
INFO: [VRFC 10-311] analyzing module design_1_vp_design_0_0_xbip_dsp48_addsub_synth_20
INFO: [VRFC 10-311] analyzing module design_1_vp_design_0_0_xbip_dsp48_addsub_synth_25
INFO: [VRFC 10-311] analyzing module design_1_vp_design_0_0_xbip_dsp48_addsub_synth_30
INFO: [VRFC 10-311] analyzing module design_1_vp_design_0_0_xbip_dsp48_addsub_synth_35
INFO: [VRFC 10-311] analyzing module design_1_vp_design_0_0_xbip_dsp48_addsub_synth_40
INFO: [VRFC 10-311] analyzing module design_1_vp_design_0_0_xbip_dsp48_addsub_synth_45
INFO: [VRFC 10-311] analyzing module design_1_vp_design_0_0_xbip_dsp48_addsub_v3_0_6_viv
INFO: [VRFC 10-311] analyzing module design_1_vp_design_0_0_xbip_dsp48_addsub_v3_0_6_viv_14
INFO: [VRFC 10-311] analyzing module design_1_vp_design_0_0_xbip_dsp48_addsub_v3_0_6_viv_19
INFO: [VRFC 10-311] analyzing module design_1_vp_design_0_0_xbip_dsp48_addsub_v3_0_6_viv_24
INFO: [VRFC 10-311] analyzing module design_1_vp_design_0_0_xbip_dsp48_addsub_v3_0_6_viv_29
INFO: [VRFC 10-311] analyzing module design_1_vp_design_0_0_xbip_dsp48_addsub_v3_0_6_viv_34
INFO: [VRFC 10-311] analyzing module design_1_vp_design_0_0_xbip_dsp48_addsub_v3_0_6_viv_39
INFO: [VRFC 10-311] analyzing module design_1_vp_design_0_0_xbip_dsp48_addsub_v3_0_6_viv_44
INFO: [VRFC 10-311] analyzing module design_1_vp_design_0_0_xbip_dsp48_addsub_v3_0_6_viv_9
INFO: [VRFC 10-311] analyzing module design_1_vp_design_0_0_xbip_dsp48e1_wrapper_v3_0
INFO: [VRFC 10-311] analyzing module design_1_vp_design_0_0_xbip_dsp48e1_wrapper_v3_0_11
INFO: [VRFC 10-311] analyzing module design_1_vp_design_0_0_xbip_dsp48e1_wrapper_v3_0_16
INFO: [VRFC 10-311] analyzing module design_1_vp_design_0_0_xbip_dsp48e1_wrapper_v3_0_21
INFO: [VRFC 10-311] analyzing module design_1_vp_design_0_0_xbip_dsp48e1_wrapper_v3_0_26
INFO: [VRFC 10-311] analyzing module design_1_vp_design_0_0_xbip_dsp48e1_wrapper_v3_0_31
INFO: [VRFC 10-311] analyzing module design_1_vp_design_0_0_xbip_dsp48e1_wrapper_v3_0_36
INFO: [VRFC 10-311] analyzing module design_1_vp_design_0_0_xbip_dsp48e1_wrapper_v3_0_41
INFO: [VRFC 10-311] analyzing module design_1_vp_design_0_0_xbip_dsp48e1_wrapper_v3_0_46
INFO: [VRFC 10-311] analyzing module design_1_vp_design_0_0_xbip_pipe_v3_0_6_viv
INFO: [VRFC 10-311] analyzing module design_1_vp_design_0_0_xbip_pipe_v3_0_6_viv_12
INFO: [VRFC 10-311] analyzing module design_1_vp_design_0_0_xbip_pipe_v3_0_6_viv_17
INFO: [VRFC 10-311] analyzing module design_1_vp_design_0_0_xbip_pipe_v3_0_6_viv_22
INFO: [VRFC 10-311] analyzing module design_1_vp_design_0_0_xbip_pipe_v3_0_6_viv_27
INFO: [VRFC 10-311] analyzing module design_1_vp_design_0_0_xbip_pipe_v3_0_6_viv_32
INFO: [VRFC 10-311] analyzing module design_1_vp_design_0_0_xbip_pipe_v3_0_6_viv_37
INFO: [VRFC 10-311] analyzing module design_1_vp_design_0_0_xbip_pipe_v3_0_6_viv_42
INFO: [VRFC 10-311] analyzing module design_1_vp_design_0_0_xbip_pipe_v3_0_6_viv_57
INFO: [VRFC 10-311] analyzing module design_1_vp_design_0_0_xbip_pipe_v3_0_6_viv_58
INFO: [VRFC 10-311] analyzing module design_1_vp_design_0_0_xbip_pipe_v3_0_6_viv_7
INFO: [VRFC 10-311] analyzing module design_1_ila_0_0_blk_mem_gen_v8_4_5
INFO: [VRFC 10-311] analyzing module design_1_ila_0_0_blk_mem_gen_v8_4_5_bindec
INFO: [VRFC 10-311] analyzing module design_1_ila_0_0_blk_mem_gen_v8_4_5_bindec_34
INFO: [VRFC 10-311] analyzing module design_1_ila_0_0_blk_mem_gen_v8_4_5_blk_mem_gen_generic_cstr
INFO: [VRFC 10-311] analyzing module design_1_ila_0_0_blk_mem_gen_v8_4_5_blk_mem_gen_mux__parameterized0
INFO: [VRFC 10-311] analyzing module design_1_ila_0_0_blk_mem_gen_v8_4_5_blk_mem_gen_prim_width
INFO: [VRFC 10-311] analyzing module design_1_ila_0_0_blk_mem_gen_v8_4_5_blk_mem_gen_prim_width__parameterized0
INFO: [VRFC 10-311] analyzing module design_1_ila_0_0_blk_mem_gen_v8_4_5_blk_mem_gen_prim_width__parameterized1
INFO: [VRFC 10-311] analyzing module design_1_ila_0_0_blk_mem_gen_v8_4_5_blk_mem_gen_prim_width__parameterized10
INFO: [VRFC 10-311] analyzing module design_1_ila_0_0_blk_mem_gen_v8_4_5_blk_mem_gen_prim_width__parameterized2
INFO: [VRFC 10-311] analyzing module design_1_ila_0_0_blk_mem_gen_v8_4_5_blk_mem_gen_prim_width__parameterized3
INFO: [VRFC 10-311] analyzing module design_1_ila_0_0_blk_mem_gen_v8_4_5_blk_mem_gen_prim_width__parameterized4
INFO: [VRFC 10-311] analyzing module design_1_ila_0_0_blk_mem_gen_v8_4_5_blk_mem_gen_prim_width__parameterized5
INFO: [VRFC 10-311] analyzing module design_1_ila_0_0_blk_mem_gen_v8_4_5_blk_mem_gen_prim_width__parameterized6
INFO: [VRFC 10-311] analyzing module design_1_ila_0_0_blk_mem_gen_v8_4_5_blk_mem_gen_prim_width__parameterized7
INFO: [VRFC 10-311] analyzing module design_1_ila_0_0_blk_mem_gen_v8_4_5_blk_mem_gen_prim_width__parameterized8
INFO: [VRFC 10-311] analyzing module design_1_ila_0_0_blk_mem_gen_v8_4_5_blk_mem_gen_prim_width__parameterized9
INFO: [VRFC 10-311] analyzing module design_1_ila_0_0_blk_mem_gen_v8_4_5_blk_mem_gen_prim_wrapper
INFO: [VRFC 10-311] analyzing module design_1_ila_0_0_blk_mem_gen_v8_4_5_blk_mem_gen_prim_wrapper__parameterized0
INFO: [VRFC 10-311] analyzing module design_1_ila_0_0_blk_mem_gen_v8_4_5_blk_mem_gen_prim_wrapper__parameterized1
INFO: [VRFC 10-311] analyzing module design_1_ila_0_0_blk_mem_gen_v8_4_5_blk_mem_gen_prim_wrapper__parameterized10
INFO: [VRFC 10-311] analyzing module design_1_ila_0_0_blk_mem_gen_v8_4_5_blk_mem_gen_prim_wrapper__parameterized2
INFO: [VRFC 10-311] analyzing module design_1_ila_0_0_blk_mem_gen_v8_4_5_blk_mem_gen_prim_wrapper__parameterized3
INFO: [VRFC 10-311] analyzing module design_1_ila_0_0_blk_mem_gen_v8_4_5_blk_mem_gen_prim_wrapper__parameterized4
INFO: [VRFC 10-311] analyzing module design_1_ila_0_0_blk_mem_gen_v8_4_5_blk_mem_gen_prim_wrapper__parameterized5
INFO: [VRFC 10-311] analyzing module design_1_ila_0_0_blk_mem_gen_v8_4_5_blk_mem_gen_prim_wrapper__parameterized6
INFO: [VRFC 10-311] analyzing module design_1_ila_0_0_blk_mem_gen_v8_4_5_blk_mem_gen_prim_wrapper__parameterized7
INFO: [VRFC 10-311] analyzing module design_1_ila_0_0_blk_mem_gen_v8_4_5_blk_mem_gen_prim_wrapper__parameterized8
INFO: [VRFC 10-311] analyzing module design_1_ila_0_0_blk_mem_gen_v8_4_5_blk_mem_gen_prim_wrapper__parameterized9
INFO: [VRFC 10-311] analyzing module design_1_ila_0_0_blk_mem_gen_v8_4_5_blk_mem_gen_top
INFO: [VRFC 10-311] analyzing module design_1_ila_0_0_blk_mem_gen_v8_4_5_synth
INFO: [VRFC 10-311] analyzing module design_1_ila_1_0_blk_mem_gen_v8_4_5
INFO: [VRFC 10-311] analyzing module design_1_ila_1_0_blk_mem_gen_v8_4_5_blk_mem_gen_generic_cstr
INFO: [VRFC 10-311] analyzing module design_1_ila_1_0_blk_mem_gen_v8_4_5_blk_mem_gen_prim_width
INFO: [VRFC 10-311] analyzing module design_1_ila_1_0_blk_mem_gen_v8_4_5_blk_mem_gen_prim_wrapper
INFO: [VRFC 10-311] analyzing module design_1_ila_1_0_blk_mem_gen_v8_4_5_blk_mem_gen_top
INFO: [VRFC 10-311] analyzing module design_1_ila_1_0_blk_mem_gen_v8_4_5_synth
INFO: [VRFC 10-311] analyzing module glbl
INFO: [VRFC 10-2263] Analyzing Verilog file "C:/Users/bjsmn1/Desktop/Uczelnia/SDwUP/Projekt/tor_wizyjny/tor_wizyjny.srcs/sources_1/new/delay_line.v" into library xil_defaultlib
INFO: [VRFC 10-311] analyzing module register
INFO: [VRFC 10-311] analyzing module new_register
INFO: [VRFC 10-311] analyzing module delay_line
INFO: [VRFC 10-2263] Analyzing Verilog file "C:/Users/bjsmn1/Desktop/Uczelnia/SDwUP/Projekt/tor_wizyjny/tor_wizyjny.srcs/sources_1/new/rgb2ycbcr.v" into library xil_defaultlib
INFO: [VRFC 10-311] analyzing module rgb2ycbcr
WARNING: [VRFC 10-2938] 'R' is already implicitly declared on line 98 [C:/Users/bjsmn1/Desktop/Uczelnia/SDwUP/Projekt/tor_wizyjny/tor_wizyjny.srcs/sources_1/new/rgb2ycbcr.v:102]
WARNING: [VRFC 10-2938] 'G' is already implicitly declared on line 99 [C:/Users/bjsmn1/Desktop/Uczelnia/SDwUP/Projekt/tor_wizyjny/tor_wizyjny.srcs/sources_1/new/rgb2ycbcr.v:103]
WARNING: [VRFC 10-2938] 'B' is already implicitly declared on line 100 [C:/Users/bjsmn1/Desktop/Uczelnia/SDwUP/Projekt/tor_wizyjny/tor_wizyjny.srcs/sources_1/new/rgb2ycbcr.v:104]
WARNING: [VRFC 10-2938] 'const_w' is already implicitly declared on line 226 [C:/Users/bjsmn1/Desktop/Uczelnia/SDwUP/Projekt/tor_wizyjny/tor_wizyjny.srcs/sources_1/new/rgb2ycbcr.v:236]
WARNING: [VRFC 10-2938] 'zero_w' is already implicitly declared on line 220 [C:/Users/bjsmn1/Desktop/Uczelnia/SDwUP/Projekt/tor_wizyjny/tor_wizyjny.srcs/sources_1/new/rgb2ycbcr.v:237]
WARNING: [VRFC 10-3380] identifier 'Y' is used before its declaration [C:/Users/bjsmn1/Desktop/Uczelnia/SDwUP/Projekt/tor_wizyjny/tor_wizyjny.srcs/sources_1/new/rgb2ycbcr.v:36]
INFO: [VRFC 10-2263] Analyzing Verilog file "C:/Users/bjsmn1/Desktop/Uczelnia/SDwUP/Projekt/tor_wizyjny/tor_wizyjny.srcs/sim_1/new/tb_rgb2ycbcr.v" into library xil_defaultlib
INFO: [VRFC 10-311] analyzing module tb_rgb2ycbcr
