
*** Running vivado
    with args -log design_1_rgb2dvi_0_0.vds -m64 -product Vivado -mode batch -messageDb vivado.pb -notrace -source design_1_rgb2dvi_0_0.tcl



****** Vivado v2022.2 (64-bit)
  **** SW Build 3671981 on Fri Oct 14 05:00:03 MDT 2022
  **** IP Build 3669848 on Fri Oct 14 08:30:02 MDT 2022
    ** Copyright 1986-2022 Xilinx, Inc. All Rights Reserved.

Sourcing tcl script 'C:/Users/bjsmn1/AppData/Roaming/Xilinx/Vivado/Vivado_init.tcl'
source design_1_rgb2dvi_0_0.tcl -notrace
create_project: Time (s): cpu = 00:00:35 ; elapsed = 00:00:42 . Memory (MB): peak = 1663.109 ; gain = 778.891
WARNING: [Board 49-151] The current board 'tul.com.tw::pynq-z2:1.0' is from a local repo. The vivado install has a corresponding board with version greater than or equal to the local repo board. Please use boards from vivado install to avoid any upgrade/migrate issues
INFO: [IP_Flow 19-234] Refreshing IP repositories
INFO: [IP_Flow 19-1700] Loaded user IP repository 'c:/Users/bjsmn1/Desktop/Uczelnia/SDwUP/Projekt/vivado-library'.
INFO: [IP_Flow 19-1700] Loaded user IP repository 'c:/Users/bjsmn1/Desktop/Uczelnia/SDwUP/Projekt/Digilent vivado-library fix_dvi2rgb_rgb2dvi ip'.
INFO: [IP_Flow 19-1700] Loaded user IP repository 'c:/Users/bjsmn1/Desktop/Uczelnia/SDwUP/ip_repo'.
INFO: [IP_Flow 19-2313] Loaded Vivado IP repository 'C:/Xilinx/Vivado/2022.2/data/ip'.
WARNING: [IP_Flow 19-1663] Duplicate IP found for 'digilentinc.com:IP:AXI_DPTI:1.1'. The one found in IP location 'c:/Users/bjsmn1/Desktop/Uczelnia/SDwUP/Projekt/vivado-library/ip/AXI_DPTI_1.0' will take precedence over the same IP in location c:/Users/bjsmn1/Desktop/Uczelnia/SDwUP/Projekt/Digilent vivado-library fix_dvi2rgb_rgb2dvi ip/AXI_DPTI_1.0
WARNING: [IP_Flow 19-1663] Duplicate IP found for 'digilentinc.com:ip:axi_dynclk:1.2'. The one found in IP location 'c:/Users/bjsmn1/Desktop/Uczelnia/SDwUP/Projekt/vivado-library/ip/axi_dynclk' will take precedence over the same IP in location c:/Users/bjsmn1/Desktop/Uczelnia/SDwUP/Projekt/Digilent vivado-library fix_dvi2rgb_rgb2dvi ip/axi_dynclk
WARNING: [IP_Flow 19-1663] Duplicate IP found for 'digilentinc.com:user:axi_i2s_adi:1.2'. The one found in IP location 'c:/Users/bjsmn1/Desktop/Uczelnia/SDwUP/Projekt/vivado-library/ip/axi_i2s_adi_1.2' will take precedence over the same IP in location c:/Users/bjsmn1/Desktop/Uczelnia/SDwUP/Projekt/Digilent vivado-library fix_dvi2rgb_rgb2dvi ip/axi_i2s_adi_1.2
WARNING: [IP_Flow 19-1663] Duplicate IP found for 'digilentinc.com:IP:axi_ps2:1.0'. The one found in IP location 'c:/Users/bjsmn1/Desktop/Uczelnia/SDwUP/Projekt/vivado-library/ip/axi_ps2_1.0' will take precedence over the same IP in location c:/Users/bjsmn1/Desktop/Uczelnia/SDwUP/Projekt/Digilent vivado-library fix_dvi2rgb_rgb2dvi ip/axi_ps2_1.0
WARNING: [IP_Flow 19-1663] Duplicate IP found for 'digilentinc.com:ip:clock_forwarder:1.1'. The one found in IP location 'c:/Users/bjsmn1/Desktop/Uczelnia/SDwUP/Projekt/vivado-library/ip/clock_forwarder' will take precedence over the same IP in location c:/Users/bjsmn1/Desktop/Uczelnia/SDwUP/Projekt/Digilent vivado-library fix_dvi2rgb_rgb2dvi ip/clock_forwarder
WARNING: [IP_Flow 19-1663] Duplicate IP found for 'digilentinc.com:IP:hls_contrast_stretch:1.0'. The one found in IP location 'c:/Users/bjsmn1/Desktop/Uczelnia/SDwUP/Projekt/vivado-library/ip/hls_contrast_stretch_1_0' will take precedence over the same IP in location c:/Users/bjsmn1/Desktop/Uczelnia/SDwUP/Projekt/Digilent vivado-library fix_dvi2rgb_rgb2dvi ip/hls_contrast_stretch_1_0
WARNING: [IP_Flow 19-1663] Duplicate IP found for 'digilentinc.com:IP:hls_gamma_correction:1.0'. The one found in IP location 'c:/Users/bjsmn1/Desktop/Uczelnia/SDwUP/Projekt/vivado-library/ip/hls_gamma_correction_1_0' will take precedence over the same IP in location c:/Users/bjsmn1/Desktop/Uczelnia/SDwUP/Projekt/Digilent vivado-library fix_dvi2rgb_rgb2dvi ip/hls_gamma_correction_1_0
WARNING: [IP_Flow 19-1663] Duplicate IP found for 'digilentinc.com:IP:hls_saturation_enhance:1.0'. The one found in IP location 'c:/Users/bjsmn1/Desktop/Uczelnia/SDwUP/Projekt/vivado-library/ip/hls_saturation_enhance_1_0' will take precedence over the same IP in location c:/Users/bjsmn1/Desktop/Uczelnia/SDwUP/Projekt/Digilent vivado-library fix_dvi2rgb_rgb2dvi ip/hls_saturation_enhance_1_0
WARNING: [IP_Flow 19-1663] Duplicate IP found for 'digilentinc.com:ip:MIPI_CSI_2_RX:1.2'. The one found in IP location 'c:/Users/bjsmn1/Desktop/Uczelnia/SDwUP/Projekt/vivado-library/ip/MIPI_CSI_2_RX' will take precedence over the same IP in location c:/Users/bjsmn1/Desktop/Uczelnia/SDwUP/Projekt/Digilent vivado-library fix_dvi2rgb_rgb2dvi ip/MIPI_CSI_2_RX
WARNING: [IP_Flow 19-1663] Duplicate IP found for 'digilentinc.com:ip:MIPI_D_PHY_RX:1.3'. The one found in IP location 'c:/Users/bjsmn1/Desktop/Uczelnia/SDwUP/Projekt/vivado-library/ip/MIPI_D_PHY_RX' will take precedence over the same IP in location c:/Users/bjsmn1/Desktop/Uczelnia/SDwUP/Projekt/Digilent vivado-library fix_dvi2rgb_rgb2dvi ip/MIPI_D_PHY_RX
WARNING: [IP_Flow 19-1663] Duplicate IP found for 'digilentinc.com:IP:MotorFeedback:1.0'. The one found in IP location 'c:/Users/bjsmn1/Desktop/Uczelnia/SDwUP/Projekt/vivado-library/ip/MotorFeedback_1.0' will take precedence over the same IP in location c:/Users/bjsmn1/Desktop/Uczelnia/SDwUP/Projekt/Digilent vivado-library fix_dvi2rgb_rgb2dvi ip/MotorFeedback_1.0
WARNING: [IP_Flow 19-1663] Duplicate IP found for 'digilentinc.com:IP:PWM:1.0'. The one found in IP location 'c:/Users/bjsmn1/Desktop/Uczelnia/SDwUP/Projekt/vivado-library/ip/PWM_1.0' will take precedence over the same IP in location c:/Users/bjsmn1/Desktop/Uczelnia/SDwUP/Projekt/Digilent vivado-library fix_dvi2rgb_rgb2dvi ip/PWM_1.0
WARNING: [IP_Flow 19-1663] Duplicate IP found for 'digilentinc.com:IP:PWM:2.0'. The one found in IP location 'c:/Users/bjsmn1/Desktop/Uczelnia/SDwUP/Projekt/vivado-library/ip/PWM_2.0' will take precedence over the same IP in location c:/Users/bjsmn1/Desktop/Uczelnia/SDwUP/Projekt/Digilent vivado-library fix_dvi2rgb_rgb2dvi ip/PWM_2.0
WARNING: [IP_Flow 19-1663] Duplicate IP found for 'digilentinc.com:IP:PWM_Analyzer:1.0'. The one found in IP location 'c:/Users/bjsmn1/Desktop/Uczelnia/SDwUP/Projekt/vivado-library/ip/PWM_Analyzer_1.0' will take precedence over the same IP in location c:/Users/bjsmn1/Desktop/Uczelnia/SDwUP/Projekt/Digilent vivado-library fix_dvi2rgb_rgb2dvi ip/PWM_Analyzer_1.0
WARNING: [IP_Flow 19-1663] Duplicate IP found for 'digilentinc.com:ip:rgb2dpvid:1.0'. The one found in IP location 'c:/Users/bjsmn1/Desktop/Uczelnia/SDwUP/Projekt/vivado-library/ip/rgb2dpvid_v1_0' will take precedence over the same IP in location c:/Users/bjsmn1/Desktop/Uczelnia/SDwUP/Projekt/Digilent vivado-library fix_dvi2rgb_rgb2dvi ip/rgb2dpvid_v1_0
WARNING: [IP_Flow 19-1663] Duplicate IP found for 'digilentinc.com:ip:rgb2vga:1.0'. The one found in IP location 'c:/Users/bjsmn1/Desktop/Uczelnia/SDwUP/Projekt/vivado-library/ip/rgb2vga_v1_0' will take precedence over the same IP in location c:/Users/bjsmn1/Desktop/Uczelnia/SDwUP/Projekt/Digilent vivado-library fix_dvi2rgb_rgb2dvi ip/rgb2vga_v1_0
WARNING: [IP_Flow 19-1663] Duplicate IP found for 'digilentinc.com:ip:Sync:1.0'. The one found in IP location 'c:/Users/bjsmn1/Desktop/Uczelnia/SDwUP/Projekt/vivado-library/ip/Sync_v1_0' will take precedence over the same IP in location c:/Users/bjsmn1/Desktop/Uczelnia/SDwUP/Projekt/Digilent vivado-library fix_dvi2rgb_rgb2dvi ip/Sync_v1_0
WARNING: [IP_Flow 19-1663] Duplicate IP found for 'digilentinc.com:ip:usb2device:1.0'. The one found in IP location 'c:/Users/bjsmn1/Desktop/Uczelnia/SDwUP/Projekt/vivado-library/ip/usb2device_v1_0' will take precedence over the same IP in location c:/Users/bjsmn1/Desktop/Uczelnia/SDwUP/Projekt/Digilent vivado-library fix_dvi2rgb_rgb2dvi ip/usb2device_v1_0
WARNING: [IP_Flow 19-1663] Duplicate IP found for 'digilentinc.com:video:video_scaler:1.0'. The one found in IP location 'c:/Users/bjsmn1/Desktop/Uczelnia/SDwUP/Projekt/vivado-library/ip/video_scaler' will take precedence over the same IP in location c:/Users/bjsmn1/Desktop/Uczelnia/SDwUP/Projekt/Digilent vivado-library fix_dvi2rgb_rgb2dvi ip/video_scaler
WARNING: [IP_Flow 19-1663] Duplicate IP found for 'digilentinc.com:ip:dvi2rgb:2.0'. The one found in IP location 'c:/Users/bjsmn1/Desktop/Uczelnia/SDwUP/Projekt/Digilent vivado-library fix_dvi2rgb_rgb2dvi ip/dvi2rgb' will take precedence over the same IP in location c:/Users/bjsmn1/Desktop/Uczelnia/SDwUP/Projekt/vivado-library/ip/dvi2rgb
WARNING: [IP_Flow 19-1663] Duplicate IP found for 'digilentinc.com:ip:rgb2dvi:1.4'. The one found in IP location 'c:/Users/bjsmn1/Desktop/Uczelnia/SDwUP/Projekt/Digilent vivado-library fix_dvi2rgb_rgb2dvi ip/rgb2dvi' will take precedence over the same IP in location c:/Users/bjsmn1/Desktop/Uczelnia/SDwUP/Projekt/vivado-library/ip/rgb2dvi
INFO: [IP_Flow 19-6924] IPCACHE: Running cache check for IP inst: design_1_rgb2dvi_0_0
Command: synth_design -top design_1_rgb2dvi_0_0 -part xc7z020clg400-1 -incremental_mode off -mode out_of_context
Starting synth_design
Attempting to get a license for feature 'Synthesis' and/or device 'xc7z020'
INFO: [Common 17-349] Got license for feature 'Synthesis' and/or device 'xc7z020'
INFO: [Device 21-403] Loading part xc7z020clg400-1
INFO: [Synth 8-7079] Multithreading enabled for synth_design using a maximum of 2 processes.
INFO: [Synth 8-7078] Launching helper process for spawning children vivado processes
INFO: [Synth 8-7075] Helper process launched with PID 70996
INFO: [Synth 8-11241] undeclared symbol 'REGCCE', assumed default net type 'wire' [C:/Xilinx/Vivado/2022.2/data/verilog/src/unimacro/BRAM_SINGLE_MACRO.v:2170]
---------------------------------------------------------------------------------
Starting RTL Elaboration : Time (s): cpu = 00:00:07 ; elapsed = 00:00:08 . Memory (MB): peak = 2486.910 ; gain = 393.547
---------------------------------------------------------------------------------
INFO: [Synth 8-638] synthesizing module 'design_1_rgb2dvi_0_0' [c:/Users/bjsmn1/Desktop/Uczelnia/SDwUP/Projekt/tor_wizyjny/tor_wizyjny.gen/sources_1/bd/design_1/ip/design_1_rgb2dvi_0_0/synth/design_1_rgb2dvi_0_0.vhd:71]
	Parameter kGenerateSerialClk bound to: 1 - type: bool 
	Parameter kClkPrimitive bound to: MMCM - type: string 
	Parameter kRstActiveHigh bound to: 1 - type: bool 
	Parameter kClkRange bound to: 1 - type: integer 
	Parameter kD0Swap bound to: 0 - type: bool 
	Parameter kD1Swap bound to: 0 - type: bool 
	Parameter kD2Swap bound to: 0 - type: bool 
	Parameter kClkSwap bound to: 0 - type: bool 
INFO: [Synth 8-3491] module 'rgb2dvi' declared at 'c:/Users/bjsmn1/Desktop/Uczelnia/SDwUP/Projekt/tor_wizyjny/tor_wizyjny.gen/sources_1/bd/design_1/ipshared/b5d9/src/rgb2dvi.vhd:62' bound to instance 'U0' of component 'rgb2dvi' [c:/Users/bjsmn1/Desktop/Uczelnia/SDwUP/Projekt/tor_wizyjny/tor_wizyjny.gen/sources_1/bd/design_1/ip/design_1_rgb2dvi_0_0/synth/design_1_rgb2dvi_0_0.vhd:121]
INFO: [Synth 8-638] synthesizing module 'rgb2dvi' [c:/Users/bjsmn1/Desktop/Uczelnia/SDwUP/Projekt/tor_wizyjny/tor_wizyjny.gen/sources_1/bd/design_1/ipshared/b5d9/src/rgb2dvi.vhd:94]
INFO: [Synth 8-638] synthesizing module 'ClockGen' [c:/Users/bjsmn1/Desktop/Uczelnia/SDwUP/Projekt/tor_wizyjny/tor_wizyjny.gen/sources_1/bd/design_1/ipshared/b5d9/src/ClockGen.vhd:46]
	Parameter kPolarity bound to: 1'b1 
INFO: [Synth 8-3491] module 'ResetBridge' declared at 'c:/Users/bjsmn1/Desktop/Uczelnia/SDwUP/Projekt/tor_wizyjny/tor_wizyjny.gen/sources_1/bd/design_1/ipshared/b5d9/src/SyncAsyncReset.vhd:63' bound to instance 'LockLostReset' of component 'ResetBridge' [c:/Users/bjsmn1/Desktop/Uczelnia/SDwUP/Projekt/tor_wizyjny/tor_wizyjny.gen/sources_1/bd/design_1/ipshared/b5d9/src/ClockGen.vhd:82]
INFO: [Synth 8-638] synthesizing module 'ResetBridge' [c:/Users/bjsmn1/Desktop/Uczelnia/SDwUP/Projekt/tor_wizyjny/tor_wizyjny.gen/sources_1/bd/design_1/ipshared/b5d9/src/SyncAsyncReset.vhd:72]
INFO: [Synth 8-638] synthesizing module 'SyncAsync' [c:/Users/bjsmn1/Desktop/Uczelnia/SDwUP/Projekt/tor_wizyjny/tor_wizyjny.gen/sources_1/bd/design_1/ipshared/b5d9/src/SyncAsync.vhd:72]
INFO: [Synth 8-256] done synthesizing module 'SyncAsync' (0#1) [c:/Users/bjsmn1/Desktop/Uczelnia/SDwUP/Projekt/tor_wizyjny/tor_wizyjny.gen/sources_1/bd/design_1/ipshared/b5d9/src/SyncAsync.vhd:72]
INFO: [Synth 8-256] done synthesizing module 'ResetBridge' (0#1) [c:/Users/bjsmn1/Desktop/Uczelnia/SDwUP/Projekt/tor_wizyjny/tor_wizyjny.gen/sources_1/bd/design_1/ipshared/b5d9/src/SyncAsyncReset.vhd:72]
INFO: [Synth 8-3491] module 'SyncAsync' declared at 'c:/Users/bjsmn1/Desktop/Uczelnia/SDwUP/Projekt/tor_wizyjny/tor_wizyjny.gen/sources_1/bd/design_1/ipshared/b5d9/src/SyncAsync.vhd:61' bound to instance 'PLL_LockSyncAsync' of component 'SyncAsync' [c:/Users/bjsmn1/Desktop/Uczelnia/SDwUP/Projekt/tor_wizyjny/tor_wizyjny.gen/sources_1/bd/design_1/ipshared/b5d9/src/ClockGen.vhd:90]
INFO: [Synth 8-638] synthesizing module 'SyncAsync__parameterized1' [c:/Users/bjsmn1/Desktop/Uczelnia/SDwUP/Projekt/tor_wizyjny/tor_wizyjny.gen/sources_1/bd/design_1/ipshared/b5d9/src/SyncAsync.vhd:72]
INFO: [Synth 8-256] done synthesizing module 'SyncAsync__parameterized1' (0#1) [c:/Users/bjsmn1/Desktop/Uczelnia/SDwUP/Projekt/tor_wizyjny/tor_wizyjny.gen/sources_1/bd/design_1/ipshared/b5d9/src/SyncAsync.vhd:72]
	Parameter BANDWIDTH bound to: OPTIMIZED - type: string 
	Parameter CLKFBOUT_MULT_F bound to: 5.000000 - type: double 
	Parameter CLKFBOUT_PHASE bound to: 0.000000 - type: double 
	Parameter CLKFBOUT_USE_FINE_PS bound to: 0 - type: bool 
	Parameter CLKIN1_PERIOD bound to: 6.000000 - type: double 
	Parameter CLKOUT0_DIVIDE_F bound to: 1.000000 - type: double 
	Parameter CLKOUT0_DUTY_CYCLE bound to: 0.500000 - type: double 
	Parameter CLKOUT0_PHASE bound to: 0.000000 - type: double 
	Parameter CLKOUT0_USE_FINE_PS bound to: 0 - type: bool 
	Parameter CLKOUT1_DIVIDE bound to: 5 - type: integer 
	Parameter CLKOUT1_DUTY_CYCLE bound to: 0.500000 - type: double 
	Parameter CLKOUT1_PHASE bound to: 0.000000 - type: double 
	Parameter CLKOUT1_USE_FINE_PS bound to: 0 - type: bool 
	Parameter CLKOUT4_CASCADE bound to: 0 - type: bool 
	Parameter COMPENSATION bound to: ZHOLD - type: string 
	Parameter DIVCLK_DIVIDE bound to: 1 - type: integer 
	Parameter REF_JITTER1 bound to: 0.010000 - type: double 
	Parameter STARTUP_WAIT bound to: 0 - type: bool 
INFO: [Synth 8-113] binding component instance 'DVI_ClkGenerator' to cell 'MMCME2_ADV' [c:/Users/bjsmn1/Desktop/Uczelnia/SDwUP/Projekt/tor_wizyjny/tor_wizyjny.gen/sources_1/bd/design_1/ipshared/b5d9/src/ClockGen.vhd:141]
INFO: [Synth 8-113] binding component instance 'SerialClkBuffer' to cell 'BUFIO' [c:/Users/bjsmn1/Desktop/Uczelnia/SDwUP/Projekt/tor_wizyjny/tor_wizyjny.gen/sources_1/bd/design_1/ipshared/b5d9/src/ClockGen.vhd:205]
	Parameter BUFR_DIVIDE bound to: 5 - type: string 
	Parameter SIM_DEVICE bound to: 7SERIES - type: string 
INFO: [Synth 8-113] binding component instance 'PixelClkBuffer' to cell 'BUFR' [c:/Users/bjsmn1/Desktop/Uczelnia/SDwUP/Projekt/tor_wizyjny/tor_wizyjny.gen/sources_1/bd/design_1/ipshared/b5d9/src/ClockGen.vhd:211]
	Parameter BUFR_DIVIDE bound to: 1 - type: string 
	Parameter SIM_DEVICE bound to: 7SERIES - type: string 
INFO: [Synth 8-113] binding component instance 'Deskew' to cell 'BUFR' [c:/Users/bjsmn1/Desktop/Uczelnia/SDwUP/Projekt/tor_wizyjny/tor_wizyjny.gen/sources_1/bd/design_1/ipshared/b5d9/src/ClockGen.vhd:223]
INFO: [Synth 8-256] done synthesizing module 'ClockGen' (0#1) [c:/Users/bjsmn1/Desktop/Uczelnia/SDwUP/Projekt/tor_wizyjny/tor_wizyjny.gen/sources_1/bd/design_1/ipshared/b5d9/src/ClockGen.vhd:46]
INFO: [Synth 8-638] synthesizing module 'OutputSERDES' [c:/Users/bjsmn1/Desktop/Uczelnia/SDwUP/Projekt/tor_wizyjny/tor_wizyjny.gen/sources_1/bd/design_1/ipshared/b5d9/src/OutputSERDES.vhd:76]
	Parameter IOSTANDARD bound to: TMDS_33 - type: string 
INFO: [Synth 8-113] binding component instance 'OutputBuffer' to cell 'OBUFDS' [c:/Users/bjsmn1/Desktop/Uczelnia/SDwUP/Projekt/tor_wizyjny/tor_wizyjny.gen/sources_1/bd/design_1/ipshared/b5d9/src/OutputSERDES.vhd:83]
	Parameter DATA_RATE_OQ bound to: DDR - type: string 
	Parameter DATA_RATE_TQ bound to: SDR - type: string 
	Parameter DATA_WIDTH bound to: 10 - type: integer 
	Parameter SERDES_MODE bound to: MASTER - type: string 
	Parameter TBYTE_CTL bound to: FALSE - type: string 
	Parameter TBYTE_SRC bound to: FALSE - type: string 
	Parameter TRISTATE_WIDTH bound to: 1 - type: integer 
INFO: [Synth 8-113] binding component instance 'SerializerMaster' to cell 'OSERDESE2' [c:/Users/bjsmn1/Desktop/Uczelnia/SDwUP/Projekt/tor_wizyjny/tor_wizyjny.gen/sources_1/bd/design_1/ipshared/b5d9/src/OutputSERDES.vhd:92]
	Parameter DATA_RATE_OQ bound to: DDR - type: string 
	Parameter DATA_RATE_TQ bound to: SDR - type: string 
	Parameter DATA_WIDTH bound to: 10 - type: integer 
	Parameter SERDES_MODE bound to: SLAVE - type: string 
	Parameter TBYTE_CTL bound to: FALSE - type: string 
	Parameter TBYTE_SRC bound to: FALSE - type: string 
	Parameter TRISTATE_WIDTH bound to: 1 - type: integer 
INFO: [Synth 8-113] binding component instance 'SerializerSlave' to cell 'OSERDESE2' [c:/Users/bjsmn1/Desktop/Uczelnia/SDwUP/Projekt/tor_wizyjny/tor_wizyjny.gen/sources_1/bd/design_1/ipshared/b5d9/src/OutputSERDES.vhd:135]
INFO: [Synth 8-256] done synthesizing module 'OutputSERDES' (0#1) [c:/Users/bjsmn1/Desktop/Uczelnia/SDwUP/Projekt/tor_wizyjny/tor_wizyjny.gen/sources_1/bd/design_1/ipshared/b5d9/src/OutputSERDES.vhd:76]
INFO: [Synth 8-638] synthesizing module 'TMDS_Encoder' [c:/Users/bjsmn1/Desktop/Uczelnia/SDwUP/Projekt/tor_wizyjny/tor_wizyjny.gen/sources_1/bd/design_1/ipshared/b5d9/src/TMDS_Encoder.vhd:80]
INFO: [Synth 8-256] done synthesizing module 'TMDS_Encoder' (0#1) [c:/Users/bjsmn1/Desktop/Uczelnia/SDwUP/Projekt/tor_wizyjny/tor_wizyjny.gen/sources_1/bd/design_1/ipshared/b5d9/src/TMDS_Encoder.vhd:80]
INFO: [Synth 8-256] done synthesizing module 'rgb2dvi' (0#1) [c:/Users/bjsmn1/Desktop/Uczelnia/SDwUP/Projekt/tor_wizyjny/tor_wizyjny.gen/sources_1/bd/design_1/ipshared/b5d9/src/rgb2dvi.vhd:94]
INFO: [Synth 8-256] done synthesizing module 'design_1_rgb2dvi_0_0' (0#1) [c:/Users/bjsmn1/Desktop/Uczelnia/SDwUP/Projekt/tor_wizyjny/tor_wizyjny.gen/sources_1/bd/design_1/ip/design_1_rgb2dvi_0_0/synth/design_1_rgb2dvi_0_0.vhd:71]
WARNING: [Synth 8-7129] Port SerialClk in module TMDS_Encoder is either unconnected or has no load
WARNING: [Synth 8-7129] Port aRst in module TMDS_Encoder is either unconnected or has no load
WARNING: [Synth 8-7129] Port aRst_n in module rgb2dvi is either unconnected or has no load
---------------------------------------------------------------------------------
Finished RTL Elaboration : Time (s): cpu = 00:00:09 ; elapsed = 00:00:10 . Memory (MB): peak = 2582.000 ; gain = 488.637
---------------------------------------------------------------------------------
---------------------------------------------------------------------------------
Start Handling Custom Attributes
---------------------------------------------------------------------------------
---------------------------------------------------------------------------------
Finished Handling Custom Attributes : Time (s): cpu = 00:00:09 ; elapsed = 00:00:11 . Memory (MB): peak = 2599.926 ; gain = 506.562
---------------------------------------------------------------------------------
---------------------------------------------------------------------------------
Finished RTL Optimization Phase 1 : Time (s): cpu = 00:00:09 ; elapsed = 00:00:11 . Memory (MB): peak = 2599.926 ; gain = 506.562
---------------------------------------------------------------------------------
Netlist sorting complete. Time (s): cpu = 00:00:00 ; elapsed = 00:00:00.010 . Memory (MB): peak = 2611.980 ; gain = 0.000
INFO: [Netlist 29-17] Analyzing 7 Unisim elements for replacement
INFO: [Netlist 29-28] Unisim Transformation completed in 1 CPU seconds
INFO: [Project 1-570] Preparing netlist for logic optimization

Processing XDC Constraints
Initializing timing engine
Parsing XDC File [c:/Users/bjsmn1/Desktop/Uczelnia/SDwUP/Projekt/tor_wizyjny/tor_wizyjny.gen/sources_1/bd/design_1/ip/design_1_rgb2dvi_0_0/src/rgb2dvi_ooc.xdc] for cell 'U0'
Finished Parsing XDC File [c:/Users/bjsmn1/Desktop/Uczelnia/SDwUP/Projekt/tor_wizyjny/tor_wizyjny.gen/sources_1/bd/design_1/ip/design_1_rgb2dvi_0_0/src/rgb2dvi_ooc.xdc] for cell 'U0'
Parsing XDC File [c:/Users/bjsmn1/Desktop/Uczelnia/SDwUP/Projekt/tor_wizyjny/tor_wizyjny.gen/sources_1/bd/design_1/ip/design_1_rgb2dvi_0_0/design_1_rgb2dvi_0_0_board.xdc] for cell 'U0'
Finished Parsing XDC File [c:/Users/bjsmn1/Desktop/Uczelnia/SDwUP/Projekt/tor_wizyjny/tor_wizyjny.gen/sources_1/bd/design_1/ip/design_1_rgb2dvi_0_0/design_1_rgb2dvi_0_0_board.xdc] for cell 'U0'
Parsing XDC File [c:/Users/bjsmn1/Desktop/Uczelnia/SDwUP/Projekt/tor_wizyjny/tor_wizyjny.gen/sources_1/bd/design_1/ip/design_1_rgb2dvi_0_0/src/rgb2dvi.xdc] for cell 'U0'
Finished Parsing XDC File [c:/Users/bjsmn1/Desktop/Uczelnia/SDwUP/Projekt/tor_wizyjny/tor_wizyjny.gen/sources_1/bd/design_1/ip/design_1_rgb2dvi_0_0/src/rgb2dvi.xdc] for cell 'U0'
Parsing XDC File [C:/Users/bjsmn1/Desktop/Uczelnia/SDwUP/Projekt/tor_wizyjny/tor_wizyjny.runs/design_1_rgb2dvi_0_0_synth_1/dont_touch.xdc]
Finished Parsing XDC File [C:/Users/bjsmn1/Desktop/Uczelnia/SDwUP/Projekt/tor_wizyjny/tor_wizyjny.runs/design_1_rgb2dvi_0_0_synth_1/dont_touch.xdc]
Parsing XDC File [c:/Users/bjsmn1/Desktop/Uczelnia/SDwUP/Projekt/tor_wizyjny/tor_wizyjny.gen/sources_1/bd/design_1/ip/design_1_rgb2dvi_0_0/src/rgb2dvi_clocks.xdc] for cell 'U0'
Finished Parsing XDC File [c:/Users/bjsmn1/Desktop/Uczelnia/SDwUP/Projekt/tor_wizyjny/tor_wizyjny.gen/sources_1/bd/design_1/ip/design_1_rgb2dvi_0_0/src/rgb2dvi_clocks.xdc] for cell 'U0'
Completed Processing XDC Constraints

Netlist sorting complete. Time (s): cpu = 00:00:00 ; elapsed = 00:00:00.001 . Memory (MB): peak = 2712.609 ; gain = 0.000
INFO: [Project 1-111] Unisim Transformation Summary:
No Unisim elements were transformed.

INFO: [Timing 38-2] Deriving generated clocks
Constraint Validation Runtime : Time (s): cpu = 00:00:00 ; elapsed = 00:00:00.068 . Memory (MB): peak = 2712.617 ; gain = 0.008
INFO: [Designutils 20-5008] Incremental synthesis strategy off
INFO: [Synth 8-11241] undeclared symbol 'REGCCE', assumed default net type 'wire' [C:/Xilinx/Vivado/2022.2/data/verilog/src/unimacro/BRAM_SINGLE_MACRO.v:2170]
---------------------------------------------------------------------------------
Finished Constraint Validation : Time (s): cpu = 00:00:21 ; elapsed = 00:00:23 . Memory (MB): peak = 2712.617 ; gain = 619.254
---------------------------------------------------------------------------------
---------------------------------------------------------------------------------
Start Loading Part and Timing Information
---------------------------------------------------------------------------------
Loading part: xc7z020clg400-1
---------------------------------------------------------------------------------
Finished Loading Part and Timing Information : Time (s): cpu = 00:00:21 ; elapsed = 00:00:23 . Memory (MB): peak = 2712.617 ; gain = 619.254
---------------------------------------------------------------------------------
---------------------------------------------------------------------------------
Start Applying 'set_property' XDC Constraints
---------------------------------------------------------------------------------
Applied set_property KEEP_HIERARCHY = SOFT for U0. (constraint file  C:/Users/bjsmn1/Desktop/Uczelnia/SDwUP/Projekt/tor_wizyjny/tor_wizyjny.runs/design_1_rgb2dvi_0_0_synth_1/dont_touch.xdc, line 9).
---------------------------------------------------------------------------------
Finished applying 'set_property' XDC Constraints : Time (s): cpu = 00:00:21 ; elapsed = 00:00:23 . Memory (MB): peak = 2712.617 ; gain = 619.254
---------------------------------------------------------------------------------
---------------------------------------------------------------------------------
Finished RTL Optimization Phase 2 : Time (s): cpu = 00:00:21 ; elapsed = 00:00:23 . Memory (MB): peak = 2712.617 ; gain = 619.254
---------------------------------------------------------------------------------
---------------------------------------------------------------------------------
Start RTL Component Statistics 
---------------------------------------------------------------------------------
Detailed RTL Component Info : 
+---Adders : 
	   3 Input    5 Bit       Adders := 9     
	   4 Input    5 Bit       Adders := 3     
	   2 Input    5 Bit       Adders := 3     
	   8 Input    4 Bit       Adders := 6     
	   2 Input    4 Bit       Adders := 3     
+---XORs : 
	   2 Input      1 Bit         XORs := 42    
+---Registers : 
	               10 Bit    Registers := 3     
	                9 Bit    Registers := 3     
	                8 Bit    Registers := 3     
	                5 Bit    Registers := 3     
	                4 Bit    Registers := 9     
	                3 Bit    Registers := 1     
	                2 Bit    Registers := 3     
	                1 Bit    Registers := 20    
+---Muxes : 
	   4 Input   10 Bit        Muxes := 3     
	   2 Input    9 Bit        Muxes := 3     
	   2 Input    5 Bit        Muxes := 9     
---------------------------------------------------------------------------------
Finished RTL Component Statistics 
---------------------------------------------------------------------------------
---------------------------------------------------------------------------------
Start Part Resource Summary
---------------------------------------------------------------------------------
Part Resources:
DSPs: 220 (col length:60)
BRAMs: 280 (col length: RAMB18 60 RAMB36 30)
---------------------------------------------------------------------------------
Finished Part Resource Summary
---------------------------------------------------------------------------------
---------------------------------------------------------------------------------
Start Cross Boundary and Area Optimization
---------------------------------------------------------------------------------
WARNING: [Synth 8-7080] Parallel synthesis criteria is not met
WARNING: [Synth 8-7129] Port aRst_n in module rgb2dvi is either unconnected or has no load
WARNING: [Synth 8-7129] Port SerialClk in module rgb2dvi is either unconnected or has no load
---------------------------------------------------------------------------------
Finished Cross Boundary and Area Optimization : Time (s): cpu = 00:00:28 ; elapsed = 00:00:30 . Memory (MB): peak = 2712.617 ; gain = 619.254
---------------------------------------------------------------------------------
---------------------------------------------------------------------------------
Start Applying XDC Timing Constraints
---------------------------------------------------------------------------------
---------------------------------------------------------------------------------
Finished Applying XDC Timing Constraints : Time (s): cpu = 00:00:36 ; elapsed = 00:00:38 . Memory (MB): peak = 2712.617 ; gain = 619.254
---------------------------------------------------------------------------------
---------------------------------------------------------------------------------
Start Timing Optimization
---------------------------------------------------------------------------------
---------------------------------------------------------------------------------
Finished Timing Optimization : Time (s): cpu = 00:00:36 ; elapsed = 00:00:39 . Memory (MB): peak = 2712.617 ; gain = 619.254
---------------------------------------------------------------------------------
---------------------------------------------------------------------------------
Start Technology Mapping
---------------------------------------------------------------------------------
---------------------------------------------------------------------------------
Finished Technology Mapping : Time (s): cpu = 00:00:36 ; elapsed = 00:00:39 . Memory (MB): peak = 2712.617 ; gain = 619.254
---------------------------------------------------------------------------------
---------------------------------------------------------------------------------
Start IO Insertion
---------------------------------------------------------------------------------
---------------------------------------------------------------------------------
Start Flattening Before IO Insertion
---------------------------------------------------------------------------------
---------------------------------------------------------------------------------
Finished Flattening Before IO Insertion
---------------------------------------------------------------------------------
---------------------------------------------------------------------------------
Start Final Netlist Cleanup
---------------------------------------------------------------------------------
---------------------------------------------------------------------------------
Finished Final Netlist Cleanup
---------------------------------------------------------------------------------
---------------------------------------------------------------------------------
Finished IO Insertion : Time (s): cpu = 00:00:43 ; elapsed = 00:00:45 . Memory (MB): peak = 2712.617 ; gain = 619.254
---------------------------------------------------------------------------------
---------------------------------------------------------------------------------
Start Renaming Generated Instances
---------------------------------------------------------------------------------
---------------------------------------------------------------------------------
Finished Renaming Generated Instances : Time (s): cpu = 00:00:43 ; elapsed = 00:00:45 . Memory (MB): peak = 2712.617 ; gain = 619.254
---------------------------------------------------------------------------------
---------------------------------------------------------------------------------
Start Rebuilding User Hierarchy
---------------------------------------------------------------------------------
---------------------------------------------------------------------------------
Finished Rebuilding User Hierarchy : Time (s): cpu = 00:00:43 ; elapsed = 00:00:45 . Memory (MB): peak = 2712.617 ; gain = 619.254
---------------------------------------------------------------------------------
---------------------------------------------------------------------------------
Start Renaming Generated Ports
---------------------------------------------------------------------------------
---------------------------------------------------------------------------------
Finished Renaming Generated Ports : Time (s): cpu = 00:00:43 ; elapsed = 00:00:45 . Memory (MB): peak = 2712.617 ; gain = 619.254
---------------------------------------------------------------------------------
---------------------------------------------------------------------------------
Start Handling Custom Attributes
---------------------------------------------------------------------------------
---------------------------------------------------------------------------------
Finished Handling Custom Attributes : Time (s): cpu = 00:00:43 ; elapsed = 00:00:45 . Memory (MB): peak = 2712.617 ; gain = 619.254
---------------------------------------------------------------------------------
---------------------------------------------------------------------------------
Start Renaming Generated Nets
---------------------------------------------------------------------------------
---------------------------------------------------------------------------------
Finished Renaming Generated Nets : Time (s): cpu = 00:00:43 ; elapsed = 00:00:45 . Memory (MB): peak = 2712.617 ; gain = 619.254
---------------------------------------------------------------------------------
---------------------------------------------------------------------------------
Start Writing Synthesis Report
---------------------------------------------------------------------------------

Report BlackBoxes: 
+-+--------------+----------+
| |BlackBox name |Instances |
+-+--------------+----------+
+-+--------------+----------+

Report Cell Usage: 
+------+-----------+------+
|      |Cell       |Count |
+------+-----------+------+
|1     |BUFIO      |     1|
|2     |BUFR       |     2|
|4     |LUT1       |     5|
|5     |LUT2       |    23|
|6     |LUT3       |    35|
|7     |LUT4       |    23|
|8     |LUT5       |    43|
|9     |LUT6       |    72|
|10    |MMCME2_ADV |     1|
|11    |OSERDESE2  |     8|
|13    |FDCE       |     4|
|14    |FDPE       |     5|
|15    |FDRE       |   119|
|16    |FDSE       |    15|
|17    |OBUFDS     |     4|
+------+-----------+------+
---------------------------------------------------------------------------------
Finished Writing Synthesis Report : Time (s): cpu = 00:00:43 ; elapsed = 00:00:45 . Memory (MB): peak = 2712.617 ; gain = 619.254
---------------------------------------------------------------------------------
Synthesis finished with 0 errors, 0 critical warnings and 3 warnings.
Synthesis Optimization Runtime : Time (s): cpu = 00:00:30 ; elapsed = 00:00:41 . Memory (MB): peak = 2712.617 ; gain = 506.562
Synthesis Optimization Complete : Time (s): cpu = 00:00:43 ; elapsed = 00:00:45 . Memory (MB): peak = 2712.617 ; gain = 619.254
INFO: [Project 1-571] Translating synthesized netlist
Netlist sorting complete. Time (s): cpu = 00:00:00 ; elapsed = 00:00:00.003 . Memory (MB): peak = 2712.617 ; gain = 0.000
INFO: [Netlist 29-17] Analyzing 7 Unisim elements for replacement
INFO: [Netlist 29-28] Unisim Transformation completed in 0 CPU seconds
INFO: [Project 1-570] Preparing netlist for logic optimization
INFO: [Opt 31-138] Pushed 0 inverter(s) to 0 load pin(s).
Netlist sorting complete. Time (s): cpu = 00:00:00 ; elapsed = 00:00:00 . Memory (MB): peak = 2712.617 ; gain = 0.000
INFO: [Project 1-111] Unisim Transformation Summary:
No Unisim elements were transformed.

Synth Design complete, checksum: bc5306e0
INFO: [Common 17-83] Releasing license: Synthesis
52 Infos, 28 Warnings, 0 Critical Warnings and 0 Errors encountered.
synth_design completed successfully
synth_design: Time (s): cpu = 00:00:49 ; elapsed = 00:00:54 . Memory (MB): peak = 2712.617 ; gain = 1002.910
INFO: [Common 17-600] The following parameters have non-default value.
tcl.collectionResultDisplayLimit
INFO: [Common 17-1381] The checkpoint 'C:/Users/bjsmn1/Desktop/Uczelnia/SDwUP/Projekt/tor_wizyjny/tor_wizyjny.runs/design_1_rgb2dvi_0_0_synth_1/design_1_rgb2dvi_0_0.dcp' has been generated.
INFO: [Coretcl 2-1648] Added synthesis output to IP cache for IP design_1_rgb2dvi_0_0, cache-ID = 8760523768f503ab
INFO: [Coretcl 2-1174] Renamed 14 cell refs.
INFO: [Common 17-1381] The checkpoint 'C:/Users/bjsmn1/Desktop/Uczelnia/SDwUP/Projekt/tor_wizyjny/tor_wizyjny.runs/design_1_rgb2dvi_0_0_synth_1/design_1_rgb2dvi_0_0.dcp' has been generated.
INFO: [runtcl-4] Executing : report_utilization -file design_1_rgb2dvi_0_0_utilization_synth.rpt -pb design_1_rgb2dvi_0_0_utilization_synth.pb
INFO: [Common 17-206] Exiting Vivado at Sun Jun 11 20:29:52 2023...
